#! /opt/homebrew/Cellar/icarus-verilog/11.0/bin/vvp
:ivl_version "11.0 (stable)";
:ivl_delay_selection "TYPICAL";
:vpi_time_precision - 12;
:vpi_module "/opt/homebrew/Cellar/icarus-verilog/11.0/lib/ivl/system.vpi";
:vpi_module "/opt/homebrew/Cellar/icarus-verilog/11.0/lib/ivl/vhdl_sys.vpi";
:vpi_module "/opt/homebrew/Cellar/icarus-verilog/11.0/lib/ivl/vhdl_textio.vpi";
:vpi_module "/opt/homebrew/Cellar/icarus-verilog/11.0/lib/ivl/v2005_math.vpi";
:vpi_module "/opt/homebrew/Cellar/icarus-verilog/11.0/lib/ivl/va_math.vpi";
S_0x157608780 .scope module, "microarchitecture_tb" "microarchitecture_tb" 2 4;
 .timescale -9 -12;
v0x6000033a3d50_0 .var "clk", 0 0;
v0x6000033a3de0_0 .var "rst", 0 0;
S_0x157607270 .scope module, "microarchitecture" "microarchitecture" 2 11, 3 7 0, S_0x157608780;
 .timescale -9 -12;
    .port_info 0 /INPUT 1 "clk";
    .port_info 1 /INPUT 1 "rst";
L_0x600002aa21b0 .functor OR 1, L_0x6000030a01e0, L_0x6000030a03c0, C4<0>, C4<0>;
L_0x600002aa2220 .functor AND 2, L_0x6000030a0460, L_0x6000030a05a0, C4<11>, C4<11>;
L_0x600002aa2290 .functor OR 2, L_0x600002aa2220, L_0x6000030a06e0, C4<00>, C4<00>;
v0x6000033a2d90_0 .net *"_ivl_1", 0 0, L_0x6000030a01e0;  1 drivers
v0x6000033a2e20_0 .net *"_ivl_11", 0 0, L_0x6000030a0500;  1 drivers
v0x6000033a2eb0_0 .net *"_ivl_12", 1 0, L_0x6000030a05a0;  1 drivers
L_0x158078058 .functor BUFT 1, C4<0>, C4<0>, C4<0>, C4<0>;
v0x6000033a2f40_0 .net *"_ivl_15", 0 0, L_0x158078058;  1 drivers
v0x6000033a2fd0_0 .net *"_ivl_16", 1 0, L_0x600002aa2220;  1 drivers
v0x6000033a3060_0 .net *"_ivl_19", 0 0, L_0x6000030a0640;  1 drivers
v0x6000033a30f0_0 .net *"_ivl_20", 1 0, L_0x6000030a06e0;  1 drivers
L_0x1580780a0 .functor BUFT 1, C4<0>, C4<0>, C4<0>, C4<0>;
v0x6000033a3180_0 .net *"_ivl_23", 0 0, L_0x1580780a0;  1 drivers
v0x6000033a3210_0 .net *"_ivl_3", 0 0, L_0x6000030a03c0;  1 drivers
v0x6000033a32a0_0 .net *"_ivl_37", 0 0, L_0x6000030a1180;  1 drivers
v0x6000033a3330_0 .net *"_ivl_38", 23 0, L_0x6000030a1220;  1 drivers
v0x6000033a33c0_0 .net *"_ivl_41", 7 0, L_0x6000030a12c0;  1 drivers
v0x6000033a3450_0 .net *"_ivl_6", 1 0, L_0x6000030a0460;  1 drivers
L_0x158078010 .functor BUFT 1, C4<0>, C4<0>, C4<0>, C4<0>;
v0x6000033a34e0_0 .net *"_ivl_9", 0 0, L_0x158078010;  1 drivers
v0x6000033a3570_0 .net "aluResult", 31 0, v0x6000033a1b90_0;  1 drivers
v0x6000033a3600_0 .net "clk", 0 0, v0x6000033a3d50_0;  1 drivers
v0x6000033a3690_0 .net "flag", 0 0, v0x6000033a1b00_0;  1 drivers
v0x6000033a3720_0 .net "instr", 31 0, L_0x600002aa2300;  1 drivers
v0x6000033a37b0_0 .var "pc", 7 0;
v0x6000033a3840_0 .var "pcInput", 31 0;
v0x6000033a38d0_0 .net "pcOp", 1 0, L_0x600002aa2290;  1 drivers
v0x6000033a3960_0 .net "rd1", 31 0, L_0x6000030a0aa0;  1 drivers
v0x6000033a39f0_0 .net "rd2", 31 0, L_0x6000030a0dc0;  1 drivers
v0x6000033a3a80_0 .net "rst", 0 0, v0x6000033a3de0_0;  1 drivers
v0x6000033a3b10_0 .net "seConst", 31 0, L_0x6000030a1360;  1 drivers
v0x6000033a3ba0_0 .var "wd3", 31 0;
v0x6000033a3c30_0 .net "wdOp", 1 0, L_0x6000030a10e0;  1 drivers
v0x6000033a3cc0_0 .net "we3", 0 0, L_0x600002aa21b0;  1 drivers
E_0x600000fa7c00 .event edge, v0x6000033a3c30_0, v0x6000033a1b90_0, v0x6000033a3b10_0;
E_0x600000fa7bd0 .event posedge, v0x6000033a2be0_0;
E_0x600000fa62b0 .event edge, v0x6000033a38d0_0, v0x6000033a1d40_0;
L_0x6000030a01e0 .part L_0x600002aa2300, 29, 1;
L_0x6000030a03c0 .part L_0x600002aa2300, 28, 1;
L_0x6000030a0460 .concat [ 1 1 0 0], v0x6000033a1b00_0, L_0x158078010;
L_0x6000030a0500 .part L_0x600002aa2300, 30, 1;
L_0x6000030a05a0 .concat [ 1 1 0 0], L_0x6000030a0500, L_0x158078058;
L_0x6000030a0640 .part L_0x600002aa2300, 31, 1;
L_0x6000030a06e0 .concat [ 1 1 0 0], L_0x6000030a0640, L_0x1580780a0;
L_0x6000030a0e60 .part L_0x600002aa2300, 18, 5;
L_0x6000030a0f00 .part L_0x600002aa2300, 13, 5;
L_0x6000030a0fa0 .part L_0x600002aa2300, 0, 5;
L_0x6000030a1040 .part L_0x600002aa2300, 23, 5;
L_0x6000030a10e0 .part L_0x600002aa2300, 28, 2;
L_0x6000030a1180 .part L_0x600002aa2300, 12, 1;
LS_0x6000030a1220_0_0 .concat [ 1 1 1 1], L_0x6000030a1180, L_0x6000030a1180, L_0x6000030a1180, L_0x6000030a1180;
LS_0x6000030a1220_0_4 .concat [ 1 1 1 1], L_0x6000030a1180, L_0x6000030a1180, L_0x6000030a1180, L_0x6000030a1180;
LS_0x6000030a1220_0_8 .concat [ 1 1 1 1], L_0x6000030a1180, L_0x6000030a1180, L_0x6000030a1180, L_0x6000030a1180;
LS_0x6000030a1220_0_12 .concat [ 1 1 1 1], L_0x6000030a1180, L_0x6000030a1180, L_0x6000030a1180, L_0x6000030a1180;
LS_0x6000030a1220_0_16 .concat [ 1 1 1 1], L_0x6000030a1180, L_0x6000030a1180, L_0x6000030a1180, L_0x6000030a1180;
LS_0x6000030a1220_0_20 .concat [ 1 1 1 1], L_0x6000030a1180, L_0x6000030a1180, L_0x6000030a1180, L_0x6000030a1180;
LS_0x6000030a1220_1_0 .concat [ 4 4 4 4], LS_0x6000030a1220_0_0, LS_0x6000030a1220_0_4, LS_0x6000030a1220_0_8, LS_0x6000030a1220_0_12;
LS_0x6000030a1220_1_4 .concat [ 4 4 0 0], LS_0x6000030a1220_0_16, LS_0x6000030a1220_0_20;
L_0x6000030a1220 .concat [ 16 8 0 0], LS_0x6000030a1220_1_0, LS_0x6000030a1220_1_4;
L_0x6000030a12c0 .part L_0x600002aa2300, 5, 8;
L_0x6000030a1360 .concat [ 8 24 0 0], L_0x6000030a12c0, L_0x6000030a1220;
S_0x1576073e0 .scope module, "ALU" "Alu_riscv" 3 53, 4 3 0, S_0x157607270;
 .timescale -9 -12;
    .port_info 0 /INPUT 32 "a";
    .port_info 1 /INPUT 32 "b";
    .port_info 2 /INPUT 5 "aluOp";
    .port_info 3 /OUTPUT 1 "flag";
    .port_info 4 /OUTPUT 32 "result";
v0x6000033a1950_0 .net "a", 31 0, L_0x6000030a0aa0;  alias, 1 drivers
v0x6000033a19e0_0 .net "aluOp", 4 0, L_0x6000030a1040;  1 drivers
v0x6000033a1a70_0 .net "b", 31 0, L_0x6000030a0dc0;  alias, 1 drivers
v0x6000033a1b00_0 .var "flag", 0 0;
v0x6000033a1b90_0 .var "result", 31 0;
E_0x600000fa7a20 .event edge, v0x6000033a19e0_0, v0x6000033a1950_0, v0x6000033a1a70_0;
S_0x1576069d0 .scope module, "IM" "instruction_memory" 3 51, 5 4 0, S_0x157607270;
 .timescale -9 -12;
    .port_info 0 /INPUT 8 "a";
    .port_info 1 /OUTPUT 32 "rd";
L_0x600002aa2300 .functor BUFZ 32, L_0x6000030a0780, C4<00000000000000000000000000000000>, C4<00000000000000000000000000000000>, C4<00000000000000000000000000000000>;
v0x6000033a1c20_0 .net *"_ivl_0", 31 0, L_0x6000030a0780;  1 drivers
v0x6000033a1cb0_0 .net "a", 7 0, v0x6000033a37b0_0;  1 drivers
v0x6000033a1d40_0 .net "rd", 31 0, L_0x600002aa2300;  alias, 1 drivers
v0x6000033a1dd0 .array "reg_name", 0 63, 31 0;
L_0x6000030a0780 .array/port v0x6000033a1dd0, v0x6000033a37b0_0;
S_0x157606b40 .scope module, "finalRF" "RF" 3 52, 6 3 0, S_0x157607270;
 .timescale -9 -12;
    .port_info 0 /INPUT 1 "clk";
    .port_info 1 /INPUT 1 "we3";
    .port_info 2 /INPUT 5 "a1";
    .port_info 3 /INPUT 5 "a2";
    .port_info 4 /INPUT 5 "a3";
    .port_info 5 /INPUT 32 "wd3";
    .port_info 6 /INPUT 1 "rst";
    .port_info 7 /OUTPUT 32 "rd1";
    .port_info 8 /OUTPUT 32 "rd2";
v0x6000033a1e60_0 .net *"_ivl_0", 31 0, L_0x6000030a0820;  1 drivers
v0x6000033a1ef0_0 .net *"_ivl_10", 6 0, L_0x6000030a0a00;  1 drivers
L_0x158078178 .functor BUFT 1, C4<00>, C4<0>, C4<0>, C4<0>;
v0x6000033a1f80_0 .net *"_ivl_13", 1 0, L_0x158078178;  1 drivers
L_0x1580781c0 .functor BUFT 1, C4<00000000000000000000000000000000>, C4<0>, C4<0>, C4<0>;
v0x6000033a2010_0 .net/2u *"_ivl_14", 31 0, L_0x1580781c0;  1 drivers
v0x6000033a20a0_0 .net *"_ivl_18", 31 0, L_0x6000030a0b40;  1 drivers
L_0x158078208 .functor BUFT 1, C4<000000000000000000000000000>, C4<0>, C4<0>, C4<0>;
v0x6000033a2130_0 .net *"_ivl_21", 26 0, L_0x158078208;  1 drivers
L_0x158078250 .functor BUFT 1, C4<00000000000000000000000000000000>, C4<0>, C4<0>, C4<0>;
v0x6000033a21c0_0 .net/2u *"_ivl_22", 31 0, L_0x158078250;  1 drivers
v0x6000033a2250_0 .net *"_ivl_24", 0 0, L_0x6000030a0be0;  1 drivers
v0x6000033a22e0_0 .net *"_ivl_26", 31 0, L_0x6000030a0c80;  1 drivers
v0x6000033a2370_0 .net *"_ivl_28", 6 0, L_0x6000030a0d20;  1 drivers
L_0x1580780e8 .functor BUFT 1, C4<000000000000000000000000000>, C4<0>, C4<0>, C4<0>;
v0x6000033a2400_0 .net *"_ivl_3", 26 0, L_0x1580780e8;  1 drivers
L_0x158078298 .functor BUFT 1, C4<00>, C4<0>, C4<0>, C4<0>;
v0x6000033a2490_0 .net *"_ivl_31", 1 0, L_0x158078298;  1 drivers
L_0x1580782e0 .functor BUFT 1, C4<00000000000000000000000000000000>, C4<0>, C4<0>, C4<0>;
v0x6000033a2520_0 .net/2u *"_ivl_32", 31 0, L_0x1580782e0;  1 drivers
L_0x158078130 .functor BUFT 1, C4<00000000000000000000000000000000>, C4<0>, C4<0>, C4<0>;
v0x6000033a25b0_0 .net/2u *"_ivl_4", 31 0, L_0x158078130;  1 drivers
v0x6000033a2640_0 .net *"_ivl_6", 0 0, L_0x6000030a08c0;  1 drivers
v0x6000033a26d0_0 .net *"_ivl_8", 31 0, L_0x6000030a0960;  1 drivers
v0x6000033a2760_0 .net "a1", 4 0, L_0x6000030a0e60;  1 drivers
v0x6000033a27f0_0 .net "a2", 4 0, L_0x6000030a0f00;  1 drivers
v0x6000033a2880_0 .net "a3", 4 0, L_0x6000030a0fa0;  1 drivers
v0x6000033a2910_0 .net "clk", 0 0, v0x6000033a3d50_0;  alias, 1 drivers
v0x6000033a29a0_0 .var/i "i", 31 0;
v0x6000033a2a30_0 .net "rd1", 31 0, L_0x6000030a0aa0;  alias, 1 drivers
v0x6000033a2ac0_0 .net "rd2", 31 0, L_0x6000030a0dc0;  alias, 1 drivers
v0x6000033a2b50 .array "rf", 31 0, 31 0;
v0x6000033a2be0_0 .net "rst", 0 0, v0x6000033a3de0_0;  alias, 1 drivers
v0x6000033a2c70_0 .net "wd3", 31 0, v0x6000033a3ba0_0;  1 drivers
v0x6000033a2d00_0 .net "we3", 0 0, L_0x600002aa21b0;  alias, 1 drivers
E_0x600000fa79f0 .event posedge, v0x6000033a2910_0;
L_0x6000030a0820 .concat [ 5 27 0 0], L_0x6000030a0e60, L_0x1580780e8;
L_0x6000030a08c0 .cmp/ne 32, L_0x6000030a0820, L_0x158078130;
L_0x6000030a0960 .array/port v0x6000033a2b50, L_0x6000030a0a00;
L_0x6000030a0a00 .concat [ 5 2 0 0], L_0x6000030a0e60, L_0x158078178;
L_0x6000030a0aa0 .functor MUXZ 32, L_0x1580781c0, L_0x6000030a0960, L_0x6000030a08c0, C4<>;
L_0x6000030a0b40 .concat [ 5 27 0 0], L_0x6000030a0f00, L_0x158078208;
L_0x6000030a0be0 .cmp/ne 32, L_0x6000030a0b40, L_0x158078250;
L_0x6000030a0c80 .array/port v0x6000033a2b50, L_0x6000030a0d20;
L_0x6000030a0d20 .concat [ 5 2 0 0], L_0x6000030a0f00, L_0x158078298;
L_0x6000030a0dc0 .functor MUXZ 32, L_0x1580782e0, L_0x6000030a0c80, L_0x6000030a0be0, C4<>;
    .scope S_0x1576069d0;
T_0 ;
    %vpi_call 5 9 "$readmemb", "loadProgram.txt", v0x6000033a1dd0 {0 0 0};
    %end;
    .thread T_0;
    .scope S_0x157606b40;
T_1 ;
    %wait E_0x600000fa79f0;
    %load/vec4 v0x6000033a2be0_0;
    %flag_set/vec4 8;
    %jmp/0xz  T_1.0, 8;
    %pushi/vec4 0, 0, 32;
    %store/vec4 v0x6000033a29a0_0, 0, 32;
T_1.2 ;
    %load/vec4 v0x6000033a29a0_0;
    %cmpi/s 31, 0, 32;
    %jmp/0xz T_1.3, 5;
    %pushi/vec4 0, 0, 32;
    %ix/getv/s 3, v0x6000033a29a0_0;
    %ix/load 4, 0, 0; Constant delay
    %assign/vec4/a/d v0x6000033a2b50, 0, 4;
    %load/vec4 v0x6000033a29a0_0;
    %addi 1, 0, 32;
    %store/vec4 v0x6000033a29a0_0, 0, 32;
    %jmp T_1.2;
T_1.3 ;
    %jmp T_1.1;
T_1.0 ;
    %load/vec4 v0x6000033a2d00_0;
    %flag_set/vec4 8;
    %jmp/0xz  T_1.4, 8;
    %load/vec4 v0x6000033a2c70_0;
    %load/vec4 v0x6000033a2880_0;
    %pad/u 7;
    %ix/vec4 3;
    %ix/load 4, 0, 0; Constant delay
    %assign/vec4/a/d v0x6000033a2b50, 0, 4;
T_1.4 ;
T_1.1 ;
    %jmp T_1;
    .thread T_1;
    .scope S_0x1576073e0;
T_2 ;
    %wait E_0x600000fa7a20;
    %load/vec4 v0x6000033a19e0_0;
    %dup/vec4;
    %pushi/vec4 0, 0, 5;
    %cmp/u;
    %jmp/1 T_2.0, 6;
    %dup/vec4;
    %pushi/vec4 1, 0, 5;
    %cmp/u;
    %jmp/1 T_2.1, 6;
    %dup/vec4;
    %pushi/vec4 2, 0, 5;
    %cmp/u;
    %jmp/1 T_2.2, 6;
    %dup/vec4;
    %pushi/vec4 3, 0, 5;
    %cmp/u;
    %jmp/1 T_2.3, 6;
    %dup/vec4;
    %pushi/vec4 4, 0, 5;
    %cmp/u;
    %jmp/1 T_2.4, 6;
    %dup/vec4;
    %pushi/vec4 5, 0, 5;
    %cmp/u;
    %jmp/1 T_2.5, 6;
    %dup/vec4;
    %pushi/vec4 6, 0, 5;
    %cmp/u;
    %jmp/1 T_2.6, 6;
    %dup/vec4;
    %pushi/vec4 7, 0, 5;
    %cmp/u;
    %jmp/1 T_2.7, 6;
    %dup/vec4;
    %pushi/vec4 8, 0, 5;
    %cmp/u;
    %jmp/1 T_2.8, 6;
    %dup/vec4;
    %pushi/vec4 9, 0, 5;
    %cmp/u;
    %jmp/1 T_2.9, 6;
    %dup/vec4;
    %pushi/vec4 10, 0, 5;
    %cmp/u;
    %jmp/1 T_2.10, 6;
    %dup/vec4;
    %pushi/vec4 11, 0, 5;
    %cmp/u;
    %jmp/1 T_2.11, 6;
    %dup/vec4;
    %pushi/vec4 12, 0, 5;
    %cmp/u;
    %jmp/1 T_2.12, 6;
    %dup/vec4;
    %pushi/vec4 13, 0, 5;
    %cmp/u;
    %jmp/1 T_2.13, 6;
    %pushi/vec4 63, 63, 32;
    %store/vec4 v0x6000033a1b90_0, 0, 32;
    %pushi/vec4 1, 1, 1;
    %store/vec4 v0x6000033a1b00_0, 0, 1;
    %jmp T_2.15;
T_2.0 ;
    %load/vec4 v0x6000033a1950_0;
    %load/vec4 v0x6000033a1a70_0;
    %add;
    %store/vec4 v0x6000033a1b90_0, 0, 32;
    %pushi/vec4 0, 0, 1;
    %store/vec4 v0x6000033a1b00_0, 0, 1;
    %jmp T_2.15;
T_2.1 ;
    %load/vec4 v0x6000033a1950_0;
    %load/vec4 v0x6000033a1a70_0;
    %sub;
    %store/vec4 v0x6000033a1b90_0, 0, 32;
    %pushi/vec4 0, 0, 1;
    %store/vec4 v0x6000033a1b00_0, 0, 1;
    %jmp T_2.15;
T_2.2 ;
    %load/vec4 v0x6000033a1950_0;
    %load/vec4 v0x6000033a1a70_0;
    %xor;
    %store/vec4 v0x6000033a1b90_0, 0, 32;
    %pushi/vec4 0, 0, 1;
    %store/vec4 v0x6000033a1b00_0, 0, 1;
    %jmp T_2.15;
T_2.3 ;
    %load/vec4 v0x6000033a1950_0;
    %load/vec4 v0x6000033a1a70_0;
    %or;
    %store/vec4 v0x6000033a1b90_0, 0, 32;
    %pushi/vec4 0, 0, 1;
    %store/vec4 v0x6000033a1b00_0, 0, 1;
    %jmp T_2.15;
T_2.4 ;
    %load/vec4 v0x6000033a1950_0;
    %load/vec4 v0x6000033a1a70_0;
    %and;
    %store/vec4 v0x6000033a1b90_0, 0, 32;
    %pushi/vec4 0, 0, 1;
    %store/vec4 v0x6000033a1b00_0, 0, 1;
    %jmp T_2.15;
T_2.5 ;
    %load/vec4 v0x6000033a1950_0;
    %ix/getv 4, v0x6000033a1a70_0;
    %shiftr 4;
    %store/vec4 v0x6000033a1b90_0, 0, 32;
    %pushi/vec4 0, 0, 1;
    %store/vec4 v0x6000033a1b00_0, 0, 1;
    %jmp T_2.15;
T_2.6 ;
    %load/vec4 v0x6000033a1950_0;
    %ix/getv 4, v0x6000033a1a70_0;
    %shiftr 4;
    %store/vec4 v0x6000033a1b90_0, 0, 32;
    %pushi/vec4 0, 0, 1;
    %store/vec4 v0x6000033a1b00_0, 0, 1;
    %jmp T_2.15;
T_2.7 ;
    %load/vec4 v0x6000033a1950_0;
    %ix/getv 4, v0x6000033a1a70_0;
    %shiftl 4;
    %store/vec4 v0x6000033a1b90_0, 0, 32;
    %pushi/vec4 0, 0, 1;
    %store/vec4 v0x6000033a1b00_0, 0, 1;
    %jmp T_2.15;
T_2.8 ;
    %load/vec4 v0x6000033a1950_0;
    %load/vec4 v0x6000033a1a70_0;
    %cmp/s;
    %flag_get/vec4 5;
    %pad/u 32;
    %store/vec4 v0x6000033a1b90_0, 0, 32;
    %load/vec4 v0x6000033a1950_0;
    %load/vec4 v0x6000033a1a70_0;
    %cmp/s;
    %flag_get/vec4 5;
    %store/vec4 v0x6000033a1b00_0, 0, 1;
    %jmp T_2.15;
T_2.9 ;
    %load/vec4 v0x6000033a1950_0;
    %load/vec4 v0x6000033a1a70_0;
    %cmp/u;
    %flag_get/vec4 5;
    %pad/u 32;
    %store/vec4 v0x6000033a1b90_0, 0, 32;
    %load/vec4 v0x6000033a1950_0;
    %load/vec4 v0x6000033a1a70_0;
    %cmp/u;
    %flag_get/vec4 5;
    %store/vec4 v0x6000033a1b00_0, 0, 1;
    %jmp T_2.15;
T_2.10 ;
    %load/vec4 v0x6000033a1a70_0;
    %load/vec4 v0x6000033a1950_0;
    %cmp/s;
    %flag_get/vec4 4;
    %flag_get/vec4 5;
    %or;
    %pad/u 32;
    %store/vec4 v0x6000033a1b90_0, 0, 32;
    %load/vec4 v0x6000033a1a70_0;
    %load/vec4 v0x6000033a1950_0;
    %cmp/s;
    %flag_get/vec4 4;
    %flag_get/vec4 5;
    %or;
    %store/vec4 v0x6000033a1b00_0, 0, 1;
    %jmp T_2.15;
T_2.11 ;
    %load/vec4 v0x6000033a1a70_0;
    %load/vec4 v0x6000033a1950_0;
    %cmp/u;
    %flag_get/vec4 4;
    %flag_get/vec4 5;
    %or;
    %pad/u 32;
    %store/vec4 v0x6000033a1b90_0, 0, 32;
    %load/vec4 v0x6000033a1a70_0;
    %load/vec4 v0x6000033a1950_0;
    %cmp/u;
    %flag_get/vec4 4;
    %flag_get/vec4 5;
    %or;
    %store/vec4 v0x6000033a1b00_0, 0, 1;
    %jmp T_2.15;
T_2.12 ;
    %load/vec4 v0x6000033a1950_0;
    %load/vec4 v0x6000033a1a70_0;
    %cmp/e;
    %flag_get/vec4 4;
    %pad/u 32;
    %store/vec4 v0x6000033a1b90_0, 0, 32;
    %load/vec4 v0x6000033a1950_0;
    %load/vec4 v0x6000033a1a70_0;
    %cmp/e;
    %flag_get/vec4 4;
    %store/vec4 v0x6000033a1b00_0, 0, 1;
    %jmp T_2.15;
T_2.13 ;
    %load/vec4 v0x6000033a1950_0;
    %load/vec4 v0x6000033a1a70_0;
    %cmp/ne;
    %flag_get/vec4 4;
    %pad/u 32;
    %store/vec4 v0x6000033a1b90_0, 0, 32;
    %load/vec4 v0x6000033a1950_0;
    %load/vec4 v0x6000033a1a70_0;
    %cmp/ne;
    %flag_get/vec4 4;
    %store/vec4 v0x6000033a1b00_0, 0, 1;
    %jmp T_2.15;
T_2.15 ;
    %pop/vec4 1;
    %jmp T_2;
    .thread T_2, $push;
    .scope S_0x157607270;
T_3 ;
    %wait E_0x600000fa62b0;
    %load/vec4 v0x6000033a38d0_0;
    %dup/vec4;
    %pushi/vec4 0, 0, 2;
    %cmp/u;
    %jmp/1 T_3.0, 6;
    %dup/vec4;
    %pushi/vec4 1, 0, 2;
    %cmp/u;
    %jmp/1 T_3.1, 6;
    %jmp T_3.2;
T_3.0 ;
    %pushi/vec4 1, 0, 32;
    %store/vec4 v0x6000033a3840_0, 0, 32;
    %jmp T_3.2;
T_3.1 ;
    %load/vec4 v0x6000033a3720_0;
    %parti/s 8, 5, 4;
    %pad/u 32;
    %store/vec4 v0x6000033a3840_0, 0, 32;
    %jmp T_3.2;
T_3.2 ;
    %pop/vec4 1;
    %jmp T_3;
    .thread T_3, $push;
    .scope S_0x157607270;
T_4 ;
    %wait E_0x600000fa79f0;
    %load/vec4 v0x6000033a37b0_0;
    %pad/u 32;
    %load/vec4 v0x6000033a3840_0;
    %add;
    %pad/u 8;
    %assign/vec4 v0x6000033a37b0_0, 0;
    %jmp T_4;
    .thread T_4;
    .scope S_0x157607270;
T_5 ;
    %wait E_0x600000fa7bd0;
    %pushi/vec4 0, 0, 8;
    %assign/vec4 v0x6000033a37b0_0, 0;
    %jmp T_5;
    .thread T_5;
    .scope S_0x157607270;
T_6 ;
    %wait E_0x600000fa7c00;
    %load/vec4 v0x6000033a3c30_0;
    %dup/vec4;
    %pushi/vec4 2, 0, 2;
    %cmp/u;
    %jmp/1 T_6.0, 6;
    %dup/vec4;
    %pushi/vec4 3, 0, 2;
    %cmp/u;
    %jmp/1 T_6.1, 6;
    %load/vec4 v0x6000033a3b10_0;
    %store/vec4 v0x6000033a3ba0_0, 0, 32;
    %jmp T_6.3;
T_6.0 ;
    %load/vec4 v0x6000033a3570_0;
    %cassign/vec4 v0x6000033a3ba0_0;
    %cassign/link v0x6000033a3ba0_0, v0x6000033a3570_0;
    %jmp T_6.3;
T_6.1 ;
    %load/vec4 v0x6000033a3b10_0;
    %cassign/vec4 v0x6000033a3ba0_0;
    %cassign/link v0x6000033a3ba0_0, v0x6000033a3b10_0;
    %jmp T_6.3;
T_6.3 ;
    %pop/vec4 1;
    %jmp T_6;
    .thread T_6, $push;
    .scope S_0x157608780;
T_7 ;
    %pushi/vec4 0, 0, 1;
    %store/vec4 v0x6000033a3d50_0, 0, 1;
    %pushi/vec4 0, 0, 1;
    %store/vec4 v0x6000033a3de0_0, 0, 1;
    %end;
    .thread T_7;
    .scope S_0x157608780;
T_8 ;
    %delay 5000, 0;
    %load/vec4 v0x6000033a3d50_0;
    %nor/r;
    %store/vec4 v0x6000033a3d50_0, 0, 1;
    %jmp T_8;
    .thread T_8;
    .scope S_0x157608780;
T_9 ;
    %vpi_call 2 14 "$dumpfile", "microarchitecture_tb.vcd" {0 0 0};
    %vpi_call 2 15 "$dumpvars" {0 0 0};
    %pushi/vec4 1, 0, 1;
    %store/vec4 v0x6000033a3d50_0, 0, 1;
    %delay 10000, 0;
    %vpi_call 2 17 "$finish" {0 0 0};
    %end;
    .thread T_9;
# The file index is used to find the file name in the following table.
:file_names 7;
    "N/A";
    "<interactive>";
    "microarchitecture_tb.v";
    "./microarchitecture.v";
    "./ALU_RISCV.v";
    "./instruction_memory.v";
    "./RF.v";
