#! /opt/homebrew/Cellar/icarus-verilog/11.0/bin/vvp
:ivl_version "11.0 (stable)";
:ivl_delay_selection "TYPICAL";
:vpi_time_precision - 12;
:vpi_module "/opt/homebrew/Cellar/icarus-verilog/11.0/lib/ivl/system.vpi";
:vpi_module "/opt/homebrew/Cellar/icarus-verilog/11.0/lib/ivl/vhdl_sys.vpi";
:vpi_module "/opt/homebrew/Cellar/icarus-verilog/11.0/lib/ivl/vhdl_textio.vpi";
:vpi_module "/opt/homebrew/Cellar/icarus-verilog/11.0/lib/ivl/v2005_math.vpi";
:vpi_module "/opt/homebrew/Cellar/icarus-verilog/11.0/lib/ivl/va_math.vpi";
S_0x156e04710 .scope module, "Alu_riscv" "Alu_riscv" 2 3;
 .timescale -9 -12;
    .port_info 0 /INPUT 32 "a";
    .port_info 1 /INPUT 32 "b";
    .port_info 2 /INPUT 5 "aluOp";
    .port_info 3 /OUTPUT 1 "flag";
    .port_info 4 /OUTPUT 32 "result";
o0x158040010 .functor BUFZ 32, C4<zzzzzzzzzzzzzzzzzzzzzzzzzzzzzzzz>; HiZ drive
v0x600000dc0090_0 .net "a", 31 0, o0x158040010;  0 drivers
o0x158040040 .functor BUFZ 5, C4<zzzzz>; HiZ drive
v0x600000dc0120_0 .net "aluOp", 4 0, o0x158040040;  0 drivers
o0x158040070 .functor BUFZ 32, C4<zzzzzzzzzzzzzzzzzzzzzzzzzzzzzzzz>; HiZ drive
v0x600000dc01b0_0 .net "b", 31 0, o0x158040070;  0 drivers
v0x600000dc0240_0 .var "flag", 0 0;
v0x600000dc02d0_0 .var "result", 31 0;
E_0x6000031c05a0 .event edge, v0x600000dc0120_0, v0x600000dc0090_0, v0x600000dc01b0_0;
    .scope S_0x156e04710;
T_0 ;
    %wait E_0x6000031c05a0;
    %load/vec4 v0x600000dc0120_0;
    %dup/vec4;
    %pushi/vec4 0, 0, 5;
    %cmp/u;
    %jmp/1 T_0.0, 6;
    %dup/vec4;
    %pushi/vec4 1, 0, 5;
    %cmp/u;
    %jmp/1 T_0.1, 6;
    %dup/vec4;
    %pushi/vec4 2, 0, 5;
    %cmp/u;
    %jmp/1 T_0.2, 6;
    %dup/vec4;
    %pushi/vec4 3, 0, 5;
    %cmp/u;
    %jmp/1 T_0.3, 6;
    %dup/vec4;
    %pushi/vec4 4, 0, 5;
    %cmp/u;
    %jmp/1 T_0.4, 6;
    %dup/vec4;
    %pushi/vec4 5, 0, 5;
    %cmp/u;
    %jmp/1 T_0.5, 6;
    %dup/vec4;
    %pushi/vec4 6, 0, 5;
    %cmp/u;
    %jmp/1 T_0.6, 6;
    %dup/vec4;
    %pushi/vec4 7, 0, 5;
    %cmp/u;
    %jmp/1 T_0.7, 6;
    %dup/vec4;
    %pushi/vec4 8, 0, 5;
    %cmp/u;
    %jmp/1 T_0.8, 6;
    %dup/vec4;
    %pushi/vec4 9, 0, 5;
    %cmp/u;
    %jmp/1 T_0.9, 6;
    %dup/vec4;
    %pushi/vec4 10, 0, 5;
    %cmp/u;
    %jmp/1 T_0.10, 6;
    %dup/vec4;
    %pushi/vec4 11, 0, 5;
    %cmp/u;
    %jmp/1 T_0.11, 6;
    %dup/vec4;
    %pushi/vec4 12, 0, 5;
    %cmp/u;
    %jmp/1 T_0.12, 6;
    %dup/vec4;
    %pushi/vec4 13, 0, 5;
    %cmp/u;
    %jmp/1 T_0.13, 6;
    %pushi/vec4 63, 63, 32;
    %store/vec4 v0x600000dc02d0_0, 0, 32;
    %pushi/vec4 1, 1, 1;
    %store/vec4 v0x600000dc0240_0, 0, 1;
    %jmp T_0.15;
T_0.0 ;
    %load/vec4 v0x600000dc0090_0;
    %load/vec4 v0x600000dc01b0_0;
    %add;
    %store/vec4 v0x600000dc02d0_0, 0, 32;
    %pushi/vec4 0, 0, 1;
    %store/vec4 v0x600000dc0240_0, 0, 1;
    %jmp T_0.15;
T_0.1 ;
    %load/vec4 v0x600000dc0090_0;
    %load/vec4 v0x600000dc01b0_0;
    %sub;
    %store/vec4 v0x600000dc02d0_0, 0, 32;
    %pushi/vec4 0, 0, 1;
    %store/vec4 v0x600000dc0240_0, 0, 1;
    %jmp T_0.15;
T_0.2 ;
    %load/vec4 v0x600000dc0090_0;
    %load/vec4 v0x600000dc01b0_0;
    %xor;
    %store/vec4 v0x600000dc02d0_0, 0, 32;
    %pushi/vec4 0, 0, 1;
    %store/vec4 v0x600000dc0240_0, 0, 1;
    %jmp T_0.15;
T_0.3 ;
    %load/vec4 v0x600000dc0090_0;
    %load/vec4 v0x600000dc01b0_0;
    %or;
    %store/vec4 v0x600000dc02d0_0, 0, 32;
    %pushi/vec4 0, 0, 1;
    %store/vec4 v0x600000dc0240_0, 0, 1;
    %jmp T_0.15;
T_0.4 ;
    %load/vec4 v0x600000dc0090_0;
    %load/vec4 v0x600000dc01b0_0;
    %and;
    %store/vec4 v0x600000dc02d0_0, 0, 32;
    %pushi/vec4 0, 0, 1;
    %store/vec4 v0x600000dc0240_0, 0, 1;
    %jmp T_0.15;
T_0.5 ;
    %load/vec4 v0x600000dc0090_0;
    %ix/getv 4, v0x600000dc01b0_0;
    %shiftr 4;
    %store/vec4 v0x600000dc02d0_0, 0, 32;
    %pushi/vec4 0, 0, 1;
    %store/vec4 v0x600000dc0240_0, 0, 1;
    %jmp T_0.15;
T_0.6 ;
    %load/vec4 v0x600000dc0090_0;
    %ix/getv 4, v0x600000dc01b0_0;
    %shiftr 4;
    %store/vec4 v0x600000dc02d0_0, 0, 32;
    %pushi/vec4 0, 0, 1;
    %store/vec4 v0x600000dc0240_0, 0, 1;
    %jmp T_0.15;
T_0.7 ;
    %load/vec4 v0x600000dc0090_0;
    %ix/getv 4, v0x600000dc01b0_0;
    %shiftl 4;
    %store/vec4 v0x600000dc02d0_0, 0, 32;
    %pushi/vec4 0, 0, 1;
    %store/vec4 v0x600000dc0240_0, 0, 1;
    %jmp T_0.15;
T_0.8 ;
    %load/vec4 v0x600000dc0090_0;
    %load/vec4 v0x600000dc01b0_0;
    %cmp/s;
    %flag_get/vec4 5;
    %pad/u 32;
    %store/vec4 v0x600000dc02d0_0, 0, 32;
    %load/vec4 v0x600000dc0090_0;
    %load/vec4 v0x600000dc01b0_0;
    %cmp/s;
    %flag_get/vec4 5;
    %store/vec4 v0x600000dc0240_0, 0, 1;
    %jmp T_0.15;
T_0.9 ;
    %load/vec4 v0x600000dc0090_0;
    %load/vec4 v0x600000dc01b0_0;
    %cmp/u;
    %flag_get/vec4 5;
    %pad/u 32;
    %store/vec4 v0x600000dc02d0_0, 0, 32;
    %load/vec4 v0x600000dc0090_0;
    %load/vec4 v0x600000dc01b0_0;
    %cmp/u;
    %flag_get/vec4 5;
    %store/vec4 v0x600000dc0240_0, 0, 1;
    %jmp T_0.15;
T_0.10 ;
    %load/vec4 v0x600000dc01b0_0;
    %load/vec4 v0x600000dc0090_0;
    %cmp/s;
    %flag_get/vec4 4;
    %flag_get/vec4 5;
    %or;
    %pad/u 32;
    %store/vec4 v0x600000dc02d0_0, 0, 32;
    %load/vec4 v0x600000dc01b0_0;
    %load/vec4 v0x600000dc0090_0;
    %cmp/s;
    %flag_get/vec4 4;
    %flag_get/vec4 5;
    %or;
    %store/vec4 v0x600000dc0240_0, 0, 1;
    %jmp T_0.15;
T_0.11 ;
    %load/vec4 v0x600000dc01b0_0;
    %load/vec4 v0x600000dc0090_0;
    %cmp/u;
    %flag_get/vec4 4;
    %flag_get/vec4 5;
    %or;
    %pad/u 32;
    %store/vec4 v0x600000dc02d0_0, 0, 32;
    %load/vec4 v0x600000dc01b0_0;
    %load/vec4 v0x600000dc0090_0;
    %cmp/u;
    %flag_get/vec4 4;
    %flag_get/vec4 5;
    %or;
    %store/vec4 v0x600000dc0240_0, 0, 1;
    %jmp T_0.15;
T_0.12 ;
    %load/vec4 v0x600000dc0090_0;
    %load/vec4 v0x600000dc01b0_0;
    %cmp/e;
    %flag_get/vec4 4;
    %pad/u 32;
    %store/vec4 v0x600000dc02d0_0, 0, 32;
    %load/vec4 v0x600000dc0090_0;
    %load/vec4 v0x600000dc01b0_0;
    %cmp/e;
    %flag_get/vec4 4;
    %store/vec4 v0x600000dc0240_0, 0, 1;
    %jmp T_0.15;
T_0.13 ;
    %load/vec4 v0x600000dc0090_0;
    %load/vec4 v0x600000dc01b0_0;
    %cmp/ne;
    %flag_get/vec4 4;
    %pad/u 32;
    %store/vec4 v0x600000dc02d0_0, 0, 32;
    %load/vec4 v0x600000dc0090_0;
    %load/vec4 v0x600000dc01b0_0;
    %cmp/ne;
    %flag_get/vec4 4;
    %store/vec4 v0x600000dc0240_0, 0, 1;
    %jmp T_0.15;
T_0.15 ;
    %pop/vec4 1;
    %jmp T_0;
    .thread T_0, $push;
# The file index is used to find the file name in the following table.
:file_names 3;
    "N/A";
    "<interactive>";
    "ALU_RISCV.v";
