#! /opt/homebrew/Cellar/icarus-verilog/11.0/bin/vvp
:ivl_version "11.0 (stable)";
:ivl_delay_selection "TYPICAL";
:vpi_time_precision - 12;
:vpi_module "/opt/homebrew/Cellar/icarus-verilog/11.0/lib/ivl/system.vpi";
:vpi_module "/opt/homebrew/Cellar/icarus-verilog/11.0/lib/ivl/vhdl_sys.vpi";
:vpi_module "/opt/homebrew/Cellar/icarus-verilog/11.0/lib/ivl/vhdl_textio.vpi";
:vpi_module "/opt/homebrew/Cellar/icarus-verilog/11.0/lib/ivl/v2005_math.vpi";
:vpi_module "/opt/homebrew/Cellar/icarus-verilog/11.0/lib/ivl/va_math.vpi";
S_0x133607270 .scope module, "microarchitecture" "microarchitecture" 2 7;
 .timescale -9 -12;
    .port_info 0 /INPUT 1 "clk";
    .port_info 1 /INPUT 1 "rst";
    .port_info 2 /INPUT 32 "sw";
    .port_info 3 /OUTPUT 32 "out";
L_0x6000007c5dc0 .functor OR 1, L_0x600001dc43c0, L_0x600001dc4460, C4<0>, C4<0>;
L_0x6000007c5e30 .functor BUFZ 32, v0x600001ec5cb0_0, C4<00000000000000000000000000000000>, C4<00000000000000000000000000000000>, C4<00000000000000000000000000000000>;
L_0x6000007c5ea0 .functor AND 2, L_0x600001dc4500, L_0x600001dc4640, C4<11>, C4<11>;
L_0x6000007c5f10 .functor OR 2, L_0x6000007c5ea0, L_0x600001dc4780, C4<00>, C4<00>;
v0x600001ec6eb0_0 .net *"_ivl_1", 0 0, L_0x600001dc43c0;  1 drivers
L_0x138078010 .functor BUFT 1, C4<0>, C4<0>, C4<0>, C4<0>;
v0x600001ec6f40_0 .net *"_ivl_11", 0 0, L_0x138078010;  1 drivers
v0x600001ec6fd0_0 .net *"_ivl_13", 0 0, L_0x600001dc45a0;  1 drivers
v0x600001ec7060_0 .net *"_ivl_14", 1 0, L_0x600001dc4640;  1 drivers
L_0x138078058 .functor BUFT 1, C4<0>, C4<0>, C4<0>, C4<0>;
v0x600001ec70f0_0 .net *"_ivl_17", 0 0, L_0x138078058;  1 drivers
v0x600001ec7180_0 .net *"_ivl_18", 1 0, L_0x6000007c5ea0;  1 drivers
v0x600001ec7210_0 .net *"_ivl_21", 0 0, L_0x600001dc46e0;  1 drivers
v0x600001ec72a0_0 .net *"_ivl_22", 1 0, L_0x600001dc4780;  1 drivers
L_0x1380780a0 .functor BUFT 1, C4<0>, C4<0>, C4<0>, C4<0>;
v0x600001ec7330_0 .net *"_ivl_25", 0 0, L_0x1380780a0;  1 drivers
v0x600001ec73c0_0 .net *"_ivl_3", 0 0, L_0x600001dc4460;  1 drivers
v0x600001ec7450_0 .net *"_ivl_39", 0 0, L_0x600001dc5220;  1 drivers
v0x600001ec74e0_0 .net *"_ivl_40", 8 0, L_0x600001dc52c0;  1 drivers
v0x600001ec7570_0 .net *"_ivl_43", 22 0, L_0x600001dc5360;  1 drivers
v0x600001ec7600_0 .net *"_ivl_8", 1 0, L_0x600001dc4500;  1 drivers
v0x600001ec7690_0 .net "aluResult", 31 0, v0x600001ec5cb0_0;  1 drivers
o0x138040670 .functor BUFZ 1, C4<z>; HiZ drive
v0x600001ec7720_0 .net "clk", 0 0, o0x138040670;  0 drivers
v0x600001ec77b0_0 .net "flag", 0 0, v0x600001ec5c20_0;  1 drivers
v0x600001ec7840_0 .net "instr", 31 0, L_0x6000007c5f80;  1 drivers
v0x600001ec78d0_0 .net "out", 31 0, L_0x6000007c5e30;  1 drivers
v0x600001ec7960_0 .var "pc", 7 0;
v0x600001ec79f0_0 .var "pcInput", 7 0;
v0x600001ec7a80_0 .net "pcOp", 1 0, L_0x6000007c5f10;  1 drivers
v0x600001ec7b10_0 .net "rd1", 31 0, L_0x600001dc4b40;  1 drivers
v0x600001ec7ba0_0 .net "rd2", 31 0, L_0x600001dc4e60;  1 drivers
o0x1380406d0 .functor BUFZ 1, C4<z>; HiZ drive
v0x600001ec7c30_0 .net "rst", 0 0, o0x1380406d0;  0 drivers
v0x600001ec7cc0_0 .net "seConst", 31 0, L_0x600001dc5400;  1 drivers
o0x138040c70 .functor BUFZ 32, C4<zzzzzzzzzzzzzzzzzzzzzzzzzzzzzzzz>; HiZ drive
v0x600001ec7d50_0 .net "sw", 31 0, o0x138040c70;  0 drivers
v0x600001ec7de0_0 .var "wd3", 31 0;
v0x600001ec7e70_0 .net "wdOp", 1 0, L_0x600001dc5180;  1 drivers
v0x600001ec7f00_0 .net "we3", 0 0, L_0x6000007c5dc0;  1 drivers
E_0x6000022c2220 .event edge, v0x600001ec7e70_0, v0x600001ec7d50_0, v0x600001ec5cb0_0, v0x600001ec7cc0_0;
E_0x6000022c2190 .event posedge, v0x600001ec6d00_0, v0x600001ec6a30_0;
E_0x6000022c3b10 .event edge, v0x600001ec7a80_0, v0x600001ec5e60_0;
L_0x600001dc43c0 .part L_0x6000007c5f80, 29, 1;
L_0x600001dc4460 .part L_0x6000007c5f80, 28, 1;
L_0x600001dc4500 .concat [ 1 1 0 0], v0x600001ec5c20_0, L_0x138078010;
L_0x600001dc45a0 .part L_0x6000007c5f80, 30, 1;
L_0x600001dc4640 .concat [ 1 1 0 0], L_0x600001dc45a0, L_0x138078058;
L_0x600001dc46e0 .part L_0x6000007c5f80, 31, 1;
L_0x600001dc4780 .concat [ 1 1 0 0], L_0x600001dc46e0, L_0x1380780a0;
L_0x600001dc4f00 .part L_0x6000007c5f80, 18, 5;
L_0x600001dc4fa0 .part L_0x6000007c5f80, 13, 5;
L_0x600001dc5040 .part L_0x6000007c5f80, 0, 5;
L_0x600001dc50e0 .part L_0x6000007c5f80, 23, 5;
L_0x600001dc5180 .part L_0x6000007c5f80, 28, 2;
L_0x600001dc5220 .part L_0x6000007c5f80, 27, 1;
LS_0x600001dc52c0_0_0 .concat [ 1 1 1 1], L_0x600001dc5220, L_0x600001dc5220, L_0x600001dc5220, L_0x600001dc5220;
LS_0x600001dc52c0_0_4 .concat [ 1 1 1 1], L_0x600001dc5220, L_0x600001dc5220, L_0x600001dc5220, L_0x600001dc5220;
LS_0x600001dc52c0_0_8 .concat [ 1 0 0 0], L_0x600001dc5220;
L_0x600001dc52c0 .concat [ 4 4 1 0], LS_0x600001dc52c0_0_0, LS_0x600001dc52c0_0_4, LS_0x600001dc52c0_0_8;
L_0x600001dc5360 .part L_0x6000007c5f80, 5, 23;
L_0x600001dc5400 .concat [ 23 9 0 0], L_0x600001dc5360, L_0x600001dc52c0;
S_0x1336073e0 .scope module, "ALU" "Alu_riscv" 2 57, 3 3 0, S_0x133607270;
 .timescale -9 -12;
    .port_info 0 /INPUT 32 "a";
    .port_info 1 /INPUT 32 "b";
    .port_info 2 /INPUT 5 "aluOp";
    .port_info 3 /OUTPUT 1 "flag";
    .port_info 4 /OUTPUT 32 "result";
v0x600001ec5a70_0 .net "a", 31 0, L_0x600001dc4b40;  alias, 1 drivers
v0x600001ec5b00_0 .net "aluOp", 4 0, L_0x600001dc50e0;  1 drivers
v0x600001ec5b90_0 .net "b", 31 0, L_0x600001dc4e60;  alias, 1 drivers
v0x600001ec5c20_0 .var "flag", 0 0;
v0x600001ec5cb0_0 .var "result", 31 0;
E_0x6000022c2130 .event edge, v0x600001ec5b00_0, v0x600001ec5a70_0, v0x600001ec5b90_0;
S_0x1336069d0 .scope module, "IM" "instruction_memory" 2 55, 4 4 0, S_0x133607270;
 .timescale -9 -12;
    .port_info 0 /INPUT 8 "a";
    .port_info 1 /OUTPUT 32 "rd";
L_0x6000007c5f80 .functor BUFZ 32, L_0x600001dc4820, C4<00000000000000000000000000000000>, C4<00000000000000000000000000000000>, C4<00000000000000000000000000000000>;
v0x600001ec5d40_0 .net *"_ivl_0", 31 0, L_0x600001dc4820;  1 drivers
v0x600001ec5dd0_0 .net "a", 7 0, v0x600001ec7960_0;  1 drivers
v0x600001ec5e60_0 .net "rd", 31 0, L_0x6000007c5f80;  alias, 1 drivers
v0x600001ec5ef0 .array "reg_name", 0 63, 31 0;
L_0x600001dc4820 .array/port v0x600001ec5ef0, v0x600001ec7960_0;
S_0x133606b40 .scope module, "finalRF" "RF" 2 56, 5 3 0, S_0x133607270;
 .timescale -9 -12;
    .port_info 0 /INPUT 1 "clk";
    .port_info 1 /INPUT 1 "we3";
    .port_info 2 /INPUT 5 "a1";
    .port_info 3 /INPUT 5 "a2";
    .port_info 4 /INPUT 5 "a3";
    .port_info 5 /INPUT 32 "wd3";
    .port_info 6 /INPUT 1 "rst";
    .port_info 7 /OUTPUT 32 "rd1";
    .port_info 8 /OUTPUT 32 "rd2";
v0x600001ec5f80_0 .net *"_ivl_0", 31 0, L_0x600001dc48c0;  1 drivers
v0x600001ec6010_0 .net *"_ivl_10", 6 0, L_0x600001dc4aa0;  1 drivers
L_0x138078178 .functor BUFT 1, C4<00>, C4<0>, C4<0>, C4<0>;
v0x600001ec60a0_0 .net *"_ivl_13", 1 0, L_0x138078178;  1 drivers
L_0x1380781c0 .functor BUFT 1, C4<00000000000000000000000000000000>, C4<0>, C4<0>, C4<0>;
v0x600001ec6130_0 .net/2u *"_ivl_14", 31 0, L_0x1380781c0;  1 drivers
v0x600001ec61c0_0 .net *"_ivl_18", 31 0, L_0x600001dc4be0;  1 drivers
L_0x138078208 .functor BUFT 1, C4<000000000000000000000000000>, C4<0>, C4<0>, C4<0>;
v0x600001ec6250_0 .net *"_ivl_21", 26 0, L_0x138078208;  1 drivers
L_0x138078250 .functor BUFT 1, C4<00000000000000000000000000000000>, C4<0>, C4<0>, C4<0>;
v0x600001ec62e0_0 .net/2u *"_ivl_22", 31 0, L_0x138078250;  1 drivers
v0x600001ec6370_0 .net *"_ivl_24", 0 0, L_0x600001dc4c80;  1 drivers
v0x600001ec6400_0 .net *"_ivl_26", 31 0, L_0x600001dc4d20;  1 drivers
v0x600001ec6490_0 .net *"_ivl_28", 6 0, L_0x600001dc4dc0;  1 drivers
L_0x1380780e8 .functor BUFT 1, C4<000000000000000000000000000>, C4<0>, C4<0>, C4<0>;
v0x600001ec6520_0 .net *"_ivl_3", 26 0, L_0x1380780e8;  1 drivers
L_0x138078298 .functor BUFT 1, C4<00>, C4<0>, C4<0>, C4<0>;
v0x600001ec65b0_0 .net *"_ivl_31", 1 0, L_0x138078298;  1 drivers
L_0x1380782e0 .functor BUFT 1, C4<00000000000000000000000000000000>, C4<0>, C4<0>, C4<0>;
v0x600001ec6640_0 .net/2u *"_ivl_32", 31 0, L_0x1380782e0;  1 drivers
L_0x138078130 .functor BUFT 1, C4<00000000000000000000000000000000>, C4<0>, C4<0>, C4<0>;
v0x600001ec66d0_0 .net/2u *"_ivl_4", 31 0, L_0x138078130;  1 drivers
v0x600001ec6760_0 .net *"_ivl_6", 0 0, L_0x600001dc4960;  1 drivers
v0x600001ec67f0_0 .net *"_ivl_8", 31 0, L_0x600001dc4a00;  1 drivers
v0x600001ec6880_0 .net "a1", 4 0, L_0x600001dc4f00;  1 drivers
v0x600001ec6910_0 .net "a2", 4 0, L_0x600001dc4fa0;  1 drivers
v0x600001ec69a0_0 .net "a3", 4 0, L_0x600001dc5040;  1 drivers
v0x600001ec6a30_0 .net "clk", 0 0, o0x138040670;  alias, 0 drivers
v0x600001ec6ac0_0 .var/i "i", 31 0;
v0x600001ec6b50_0 .net "rd1", 31 0, L_0x600001dc4b40;  alias, 1 drivers
v0x600001ec6be0_0 .net "rd2", 31 0, L_0x600001dc4e60;  alias, 1 drivers
v0x600001ec6c70 .array "rf", 31 0, 31 0;
v0x600001ec6d00_0 .net "rst", 0 0, o0x1380406d0;  alias, 0 drivers
v0x600001ec6d90_0 .net "wd3", 31 0, v0x600001ec7de0_0;  1 drivers
v0x600001ec6e20_0 .net "we3", 0 0, L_0x6000007c5dc0;  alias, 1 drivers
E_0x6000022c3930 .event posedge, v0x600001ec6a30_0;
L_0x600001dc48c0 .concat [ 5 27 0 0], L_0x600001dc4f00, L_0x1380780e8;
L_0x600001dc4960 .cmp/ne 32, L_0x600001dc48c0, L_0x138078130;
L_0x600001dc4a00 .array/port v0x600001ec6c70, L_0x600001dc4aa0;
L_0x600001dc4aa0 .concat [ 5 2 0 0], L_0x600001dc4f00, L_0x138078178;
L_0x600001dc4b40 .functor MUXZ 32, L_0x1380781c0, L_0x600001dc4a00, L_0x600001dc4960, C4<>;
L_0x600001dc4be0 .concat [ 5 27 0 0], L_0x600001dc4fa0, L_0x138078208;
L_0x600001dc4c80 .cmp/ne 32, L_0x600001dc4be0, L_0x138078250;
L_0x600001dc4d20 .array/port v0x600001ec6c70, L_0x600001dc4dc0;
L_0x600001dc4dc0 .concat [ 5 2 0 0], L_0x600001dc4fa0, L_0x138078298;
L_0x600001dc4e60 .functor MUXZ 32, L_0x1380782e0, L_0x600001dc4d20, L_0x600001dc4c80, C4<>;
    .scope S_0x1336069d0;
T_0 ;
    %vpi_call 4 9 "$readmemb", "loadProgram.txt", v0x600001ec5ef0 {0 0 0};
    %end;
    .thread T_0;
    .scope S_0x133606b40;
T_1 ;
    %wait E_0x6000022c3930;
    %load/vec4 v0x600001ec6d00_0;
    %flag_set/vec4 8;
    %jmp/0xz  T_1.0, 8;
    %pushi/vec4 0, 0, 32;
    %store/vec4 v0x600001ec6ac0_0, 0, 32;
T_1.2 ;
    %load/vec4 v0x600001ec6ac0_0;
    %cmpi/s 31, 0, 32;
    %jmp/0xz T_1.3, 5;
    %pushi/vec4 0, 0, 32;
    %ix/getv/s 3, v0x600001ec6ac0_0;
    %ix/load 4, 0, 0; Constant delay
    %assign/vec4/a/d v0x600001ec6c70, 0, 4;
    %load/vec4 v0x600001ec6ac0_0;
    %addi 1, 0, 32;
    %store/vec4 v0x600001ec6ac0_0, 0, 32;
    %jmp T_1.2;
T_1.3 ;
    %jmp T_1.1;
T_1.0 ;
    %load/vec4 v0x600001ec6e20_0;
    %flag_set/vec4 8;
    %jmp/0xz  T_1.4, 8;
    %load/vec4 v0x600001ec6d90_0;
    %load/vec4 v0x600001ec69a0_0;
    %pad/u 7;
    %ix/vec4 3;
    %ix/load 4, 0, 0; Constant delay
    %assign/vec4/a/d v0x600001ec6c70, 0, 4;
T_1.4 ;
T_1.1 ;
    %jmp T_1;
    .thread T_1;
    .scope S_0x1336073e0;
T_2 ;
    %wait E_0x6000022c2130;
    %load/vec4 v0x600001ec5b00_0;
    %dup/vec4;
    %pushi/vec4 0, 0, 5;
    %cmp/u;
    %jmp/1 T_2.0, 6;
    %dup/vec4;
    %pushi/vec4 1, 0, 5;
    %cmp/u;
    %jmp/1 T_2.1, 6;
    %dup/vec4;
    %pushi/vec4 2, 0, 5;
    %cmp/u;
    %jmp/1 T_2.2, 6;
    %dup/vec4;
    %pushi/vec4 3, 0, 5;
    %cmp/u;
    %jmp/1 T_2.3, 6;
    %dup/vec4;
    %pushi/vec4 4, 0, 5;
    %cmp/u;
    %jmp/1 T_2.4, 6;
    %dup/vec4;
    %pushi/vec4 5, 0, 5;
    %cmp/u;
    %jmp/1 T_2.5, 6;
    %dup/vec4;
    %pushi/vec4 6, 0, 5;
    %cmp/u;
    %jmp/1 T_2.6, 6;
    %dup/vec4;
    %pushi/vec4 7, 0, 5;
    %cmp/u;
    %jmp/1 T_2.7, 6;
    %dup/vec4;
    %pushi/vec4 8, 0, 5;
    %cmp/u;
    %jmp/1 T_2.8, 6;
    %dup/vec4;
    %pushi/vec4 9, 0, 5;
    %cmp/u;
    %jmp/1 T_2.9, 6;
    %dup/vec4;
    %pushi/vec4 10, 0, 5;
    %cmp/u;
    %jmp/1 T_2.10, 6;
    %dup/vec4;
    %pushi/vec4 11, 0, 5;
    %cmp/u;
    %jmp/1 T_2.11, 6;
    %dup/vec4;
    %pushi/vec4 12, 0, 5;
    %cmp/u;
    %jmp/1 T_2.12, 6;
    %dup/vec4;
    %pushi/vec4 13, 0, 5;
    %cmp/u;
    %jmp/1 T_2.13, 6;
    %pushi/vec4 63, 63, 32;
    %store/vec4 v0x600001ec5cb0_0, 0, 32;
    %pushi/vec4 1, 1, 1;
    %store/vec4 v0x600001ec5c20_0, 0, 1;
    %jmp T_2.15;
T_2.0 ;
    %load/vec4 v0x600001ec5a70_0;
    %load/vec4 v0x600001ec5b90_0;
    %add;
    %store/vec4 v0x600001ec5cb0_0, 0, 32;
    %pushi/vec4 0, 0, 1;
    %store/vec4 v0x600001ec5c20_0, 0, 1;
    %jmp T_2.15;
T_2.1 ;
    %load/vec4 v0x600001ec5a70_0;
    %load/vec4 v0x600001ec5b90_0;
    %sub;
    %store/vec4 v0x600001ec5cb0_0, 0, 32;
    %pushi/vec4 0, 0, 1;
    %store/vec4 v0x600001ec5c20_0, 0, 1;
    %jmp T_2.15;
T_2.2 ;
    %load/vec4 v0x600001ec5a70_0;
    %load/vec4 v0x600001ec5b90_0;
    %xor;
    %store/vec4 v0x600001ec5cb0_0, 0, 32;
    %pushi/vec4 0, 0, 1;
    %store/vec4 v0x600001ec5c20_0, 0, 1;
    %jmp T_2.15;
T_2.3 ;
    %load/vec4 v0x600001ec5a70_0;
    %load/vec4 v0x600001ec5b90_0;
    %or;
    %store/vec4 v0x600001ec5cb0_0, 0, 32;
    %pushi/vec4 0, 0, 1;
    %store/vec4 v0x600001ec5c20_0, 0, 1;
    %jmp T_2.15;
T_2.4 ;
    %load/vec4 v0x600001ec5a70_0;
    %load/vec4 v0x600001ec5b90_0;
    %and;
    %store/vec4 v0x600001ec5cb0_0, 0, 32;
    %pushi/vec4 0, 0, 1;
    %store/vec4 v0x600001ec5c20_0, 0, 1;
    %jmp T_2.15;
T_2.5 ;
    %load/vec4 v0x600001ec5a70_0;
    %ix/getv 4, v0x600001ec5b90_0;
    %shiftr 4;
    %store/vec4 v0x600001ec5cb0_0, 0, 32;
    %pushi/vec4 0, 0, 1;
    %store/vec4 v0x600001ec5c20_0, 0, 1;
    %jmp T_2.15;
T_2.6 ;
    %load/vec4 v0x600001ec5a70_0;
    %ix/getv 4, v0x600001ec5b90_0;
    %shiftr 4;
    %store/vec4 v0x600001ec5cb0_0, 0, 32;
    %pushi/vec4 0, 0, 1;
    %store/vec4 v0x600001ec5c20_0, 0, 1;
    %jmp T_2.15;
T_2.7 ;
    %load/vec4 v0x600001ec5a70_0;
    %ix/getv 4, v0x600001ec5b90_0;
    %shiftl 4;
    %store/vec4 v0x600001ec5cb0_0, 0, 32;
    %pushi/vec4 0, 0, 1;
    %store/vec4 v0x600001ec5c20_0, 0, 1;
    %jmp T_2.15;
T_2.8 ;
    %load/vec4 v0x600001ec5a70_0;
    %load/vec4 v0x600001ec5b90_0;
    %cmp/s;
    %flag_get/vec4 5;
    %pad/u 32;
    %store/vec4 v0x600001ec5cb0_0, 0, 32;
    %load/vec4 v0x600001ec5a70_0;
    %load/vec4 v0x600001ec5b90_0;
    %cmp/s;
    %flag_get/vec4 5;
    %store/vec4 v0x600001ec5c20_0, 0, 1;
    %jmp T_2.15;
T_2.9 ;
    %load/vec4 v0x600001ec5a70_0;
    %load/vec4 v0x600001ec5b90_0;
    %cmp/u;
    %flag_get/vec4 5;
    %pad/u 32;
    %store/vec4 v0x600001ec5cb0_0, 0, 32;
    %load/vec4 v0x600001ec5a70_0;
    %load/vec4 v0x600001ec5b90_0;
    %cmp/u;
    %flag_get/vec4 5;
    %store/vec4 v0x600001ec5c20_0, 0, 1;
    %jmp T_2.15;
T_2.10 ;
    %load/vec4 v0x600001ec5b90_0;
    %load/vec4 v0x600001ec5a70_0;
    %cmp/s;
    %flag_get/vec4 4;
    %flag_get/vec4 5;
    %or;
    %pad/u 32;
    %store/vec4 v0x600001ec5cb0_0, 0, 32;
    %load/vec4 v0x600001ec5b90_0;
    %load/vec4 v0x600001ec5a70_0;
    %cmp/s;
    %flag_get/vec4 4;
    %flag_get/vec4 5;
    %or;
    %store/vec4 v0x600001ec5c20_0, 0, 1;
    %jmp T_2.15;
T_2.11 ;
    %load/vec4 v0x600001ec5b90_0;
    %load/vec4 v0x600001ec5a70_0;
    %cmp/u;
    %flag_get/vec4 4;
    %flag_get/vec4 5;
    %or;
    %pad/u 32;
    %store/vec4 v0x600001ec5cb0_0, 0, 32;
    %load/vec4 v0x600001ec5b90_0;
    %load/vec4 v0x600001ec5a70_0;
    %cmp/u;
    %flag_get/vec4 4;
    %flag_get/vec4 5;
    %or;
    %store/vec4 v0x600001ec5c20_0, 0, 1;
    %jmp T_2.15;
T_2.12 ;
    %load/vec4 v0x600001ec5a70_0;
    %load/vec4 v0x600001ec5b90_0;
    %cmp/e;
    %flag_get/vec4 4;
    %pad/u 32;
    %store/vec4 v0x600001ec5cb0_0, 0, 32;
    %load/vec4 v0x600001ec5a70_0;
    %load/vec4 v0x600001ec5b90_0;
    %cmp/e;
    %flag_get/vec4 4;
    %store/vec4 v0x600001ec5c20_0, 0, 1;
    %jmp T_2.15;
T_2.13 ;
    %load/vec4 v0x600001ec5a70_0;
    %load/vec4 v0x600001ec5b90_0;
    %cmp/ne;
    %flag_get/vec4 4;
    %pad/u 32;
    %store/vec4 v0x600001ec5cb0_0, 0, 32;
    %load/vec4 v0x600001ec5a70_0;
    %load/vec4 v0x600001ec5b90_0;
    %cmp/ne;
    %flag_get/vec4 4;
    %store/vec4 v0x600001ec5c20_0, 0, 1;
    %jmp T_2.15;
T_2.15 ;
    %pop/vec4 1;
    %jmp T_2;
    .thread T_2, $push;
    .scope S_0x133607270;
T_3 ;
    %wait E_0x6000022c3b10;
    %load/vec4 v0x600001ec7a80_0;
    %dup/vec4;
    %pushi/vec4 0, 0, 2;
    %cmp/u;
    %jmp/1 T_3.0, 6;
    %dup/vec4;
    %pushi/vec4 1, 0, 2;
    %cmp/u;
    %jmp/1 T_3.1, 6;
    %jmp T_3.2;
T_3.0 ;
    %pushi/vec4 1, 0, 8;
    %store/vec4 v0x600001ec79f0_0, 0, 8;
    %jmp T_3.2;
T_3.1 ;
    %load/vec4 v0x600001ec7840_0;
    %parti/s 8, 5, 4;
    %store/vec4 v0x600001ec79f0_0, 0, 8;
    %jmp T_3.2;
T_3.2 ;
    %pop/vec4 1;
    %jmp T_3;
    .thread T_3, $push;
    .scope S_0x133607270;
T_4 ;
    %wait E_0x6000022c2190;
    %load/vec4 v0x600001ec7c30_0;
    %flag_set/vec4 8;
    %jmp/0xz  T_4.0, 8;
    %pushi/vec4 0, 0, 8;
    %assign/vec4 v0x600001ec7960_0, 0;
    %jmp T_4.1;
T_4.0 ;
    %load/vec4 v0x600001ec7960_0;
    %load/vec4 v0x600001ec79f0_0;
    %add;
    %assign/vec4 v0x600001ec7960_0, 0;
T_4.1 ;
    %jmp T_4;
    .thread T_4;
    .scope S_0x133607270;
T_5 ;
    %wait E_0x6000022c2220;
    %load/vec4 v0x600001ec7e70_0;
    %dup/vec4;
    %pushi/vec4 1, 0, 2;
    %cmp/u;
    %jmp/1 T_5.0, 6;
    %dup/vec4;
    %pushi/vec4 3, 0, 2;
    %cmp/u;
    %jmp/1 T_5.1, 6;
    %dup/vec4;
    %pushi/vec4 2, 0, 2;
    %cmp/u;
    %jmp/1 T_5.2, 6;
    %jmp T_5.3;
T_5.0 ;
    %load/vec4 v0x600001ec7d50_0;
    %cassign/vec4 v0x600001ec7de0_0;
    %cassign/link v0x600001ec7de0_0, v0x600001ec7d50_0;
    %jmp T_5.3;
T_5.1 ;
    %load/vec4 v0x600001ec7690_0;
    %cassign/vec4 v0x600001ec7de0_0;
    %cassign/link v0x600001ec7de0_0, v0x600001ec7690_0;
    %jmp T_5.3;
T_5.2 ;
    %load/vec4 v0x600001ec7cc0_0;
    %cassign/vec4 v0x600001ec7de0_0;
    %cassign/link v0x600001ec7de0_0, v0x600001ec7cc0_0;
    %jmp T_5.3;
T_5.3 ;
    %pop/vec4 1;
    %jmp T_5;
    .thread T_5, $push;
# The file index is used to find the file name in the following table.
:file_names 6;
    "N/A";
    "<interactive>";
    "microarchitecture.v";
    "./ALU_RISCV.v";
    "./instruction_memory.v";
    "./RF.v";
