#! /opt/homebrew/Cellar/icarus-verilog/11.0/bin/vvp
:ivl_version "11.0 (stable)";
:ivl_delay_selection "TYPICAL";
:vpi_time_precision - 12;
:vpi_module "/opt/homebrew/Cellar/icarus-verilog/11.0/lib/ivl/system.vpi";
:vpi_module "/opt/homebrew/Cellar/icarus-verilog/11.0/lib/ivl/vhdl_sys.vpi";
:vpi_module "/opt/homebrew/Cellar/icarus-verilog/11.0/lib/ivl/vhdl_textio.vpi";
:vpi_module "/opt/homebrew/Cellar/icarus-verilog/11.0/lib/ivl/v2005_math.vpi";
:vpi_module "/opt/homebrew/Cellar/icarus-verilog/11.0/lib/ivl/va_math.vpi";
S_0x153e08830 .scope module, "microarchitecture_tb" "microarchitecture_tb" 2 4;
 .timescale -9 -12;
v0x6000021765b0_0 .var "clk", 0 0;
v0x600002176640_0 .net "out", 31 0, L_0x600003875c70;  1 drivers
v0x6000021766d0_0 .var "rst", 0 0;
v0x600002176760_0 .var "sw", 31 0;
S_0x153e089a0 .scope module, "microarchitecture" "microarchitecture" 2 15, 3 7 0, S_0x153e08830;
 .timescale -9 -12;
    .port_info 0 /INPUT 1 "clk";
    .port_info 1 /INPUT 1 "rst";
    .port_info 2 /INPUT 32 "sw";
    .port_info 3 /OUTPUT 32 "out";
L_0x600003875c00 .functor OR 1, L_0x600002270000, L_0x6000022700a0, C4<0>, C4<0>;
L_0x600003875c70 .functor BUFZ 32, v0x6000021742d0_0, C4<00000000000000000000000000000000>, C4<00000000000000000000000000000000>, C4<00000000000000000000000000000000>;
L_0x600003875ce0 .functor AND 2, L_0x600002270140, L_0x600002270280, C4<11>, C4<11>;
L_0x600003875d50 .functor OR 2, L_0x600003875ce0, L_0x6000022703c0, C4<00>, C4<00>;
v0x6000021754d0_0 .net *"_ivl_1", 0 0, L_0x600002270000;  1 drivers
L_0x158078010 .functor BUFT 1, C4<0>, C4<0>, C4<0>, C4<0>;
v0x600002175560_0 .net *"_ivl_11", 0 0, L_0x158078010;  1 drivers
v0x6000021755f0_0 .net *"_ivl_13", 0 0, L_0x6000022701e0;  1 drivers
v0x600002175680_0 .net *"_ivl_14", 1 0, L_0x600002270280;  1 drivers
L_0x158078058 .functor BUFT 1, C4<0>, C4<0>, C4<0>, C4<0>;
v0x600002175710_0 .net *"_ivl_17", 0 0, L_0x158078058;  1 drivers
v0x6000021757a0_0 .net *"_ivl_18", 1 0, L_0x600003875ce0;  1 drivers
v0x600002175830_0 .net *"_ivl_21", 0 0, L_0x600002270320;  1 drivers
v0x6000021758c0_0 .net *"_ivl_22", 1 0, L_0x6000022703c0;  1 drivers
L_0x1580780a0 .functor BUFT 1, C4<0>, C4<0>, C4<0>, C4<0>;
v0x600002175950_0 .net *"_ivl_25", 0 0, L_0x1580780a0;  1 drivers
v0x6000021759e0_0 .net *"_ivl_3", 0 0, L_0x6000022700a0;  1 drivers
v0x600002175a70_0 .net *"_ivl_39", 0 0, L_0x600002270e60;  1 drivers
v0x600002175b00_0 .net *"_ivl_40", 8 0, L_0x600002270f00;  1 drivers
v0x600002175b90_0 .net *"_ivl_43", 22 0, L_0x600002270fa0;  1 drivers
v0x600002175c20_0 .net *"_ivl_8", 1 0, L_0x600002270140;  1 drivers
v0x600002175cb0_0 .net "aluResult", 31 0, v0x6000021742d0_0;  1 drivers
v0x600002175d40_0 .net "clk", 0 0, v0x6000021765b0_0;  1 drivers
v0x600002175dd0_0 .net "flag", 0 0, v0x600002174240_0;  1 drivers
v0x600002175e60_0 .net "instr", 31 0, L_0x600003875dc0;  1 drivers
v0x600002175ef0_0 .net "out", 31 0, L_0x600003875c70;  alias, 1 drivers
v0x600002175f80_0 .var "pc", 7 0;
v0x600002176010_0 .var "pcInput", 7 0;
v0x6000021760a0_0 .net "pcOp", 1 0, L_0x600003875d50;  1 drivers
v0x600002176130_0 .net "rd1", 31 0, L_0x600002270780;  1 drivers
v0x6000021761c0_0 .net "rd2", 31 0, L_0x600002270aa0;  1 drivers
v0x600002176250_0 .net "rst", 0 0, v0x6000021766d0_0;  1 drivers
v0x6000021762e0_0 .net "seConst", 31 0, L_0x600002271040;  1 drivers
v0x600002176370_0 .net "sw", 31 0, v0x600002176760_0;  1 drivers
v0x600002176400_0 .var "wd3", 31 0;
v0x600002176490_0 .net "wdOp", 1 0, L_0x600002270dc0;  1 drivers
v0x600002176520_0 .net "we3", 0 0, L_0x600003875c00;  1 drivers
E_0x600001d710b0 .event edge, v0x600002176490_0, v0x600002176370_0, v0x6000021742d0_0, v0x6000021762e0_0;
E_0x600001d70e70 .event posedge, v0x600002175320_0, v0x600002175050_0;
E_0x600001d71200 .event edge, v0x6000021760a0_0, v0x600002174480_0;
L_0x600002270000 .part L_0x600003875dc0, 29, 1;
L_0x6000022700a0 .part L_0x600003875dc0, 28, 1;
L_0x600002270140 .concat [ 1 1 0 0], v0x600002174240_0, L_0x158078010;
L_0x6000022701e0 .part L_0x600003875dc0, 30, 1;
L_0x600002270280 .concat [ 1 1 0 0], L_0x6000022701e0, L_0x158078058;
L_0x600002270320 .part L_0x600003875dc0, 31, 1;
L_0x6000022703c0 .concat [ 1 1 0 0], L_0x600002270320, L_0x1580780a0;
L_0x600002270b40 .part L_0x600003875dc0, 18, 5;
L_0x600002270be0 .part L_0x600003875dc0, 13, 5;
L_0x600002270c80 .part L_0x600003875dc0, 0, 5;
L_0x600002270d20 .part L_0x600003875dc0, 23, 5;
L_0x600002270dc0 .part L_0x600003875dc0, 28, 2;
L_0x600002270e60 .part L_0x600003875dc0, 27, 1;
LS_0x600002270f00_0_0 .concat [ 1 1 1 1], L_0x600002270e60, L_0x600002270e60, L_0x600002270e60, L_0x600002270e60;
LS_0x600002270f00_0_4 .concat [ 1 1 1 1], L_0x600002270e60, L_0x600002270e60, L_0x600002270e60, L_0x600002270e60;
LS_0x600002270f00_0_8 .concat [ 1 0 0 0], L_0x600002270e60;
L_0x600002270f00 .concat [ 4 4 1 0], LS_0x600002270f00_0_0, LS_0x600002270f00_0_4, LS_0x600002270f00_0_8;
L_0x600002270fa0 .part L_0x600003875dc0, 5, 23;
L_0x600002271040 .concat [ 23 9 0 0], L_0x600002270fa0, L_0x600002270f00;
S_0x153e07270 .scope module, "ALU" "Alu_riscv" 3 57, 4 3 0, S_0x153e089a0;
 .timescale -9 -12;
    .port_info 0 /INPUT 32 "a";
    .port_info 1 /INPUT 32 "b";
    .port_info 2 /INPUT 5 "aluOp";
    .port_info 3 /OUTPUT 1 "flag";
    .port_info 4 /OUTPUT 32 "result";
v0x600002174090_0 .net "a", 31 0, L_0x600002270780;  alias, 1 drivers
v0x600002174120_0 .net "aluOp", 4 0, L_0x600002270d20;  1 drivers
v0x6000021741b0_0 .net "b", 31 0, L_0x600002270aa0;  alias, 1 drivers
v0x600002174240_0 .var "flag", 0 0;
v0x6000021742d0_0 .var "result", 31 0;
E_0x600001d70f30 .event edge, v0x600002174120_0, v0x600002174090_0, v0x6000021741b0_0;
S_0x153e073e0 .scope module, "IM" "instruction_memory" 3 55, 5 4 0, S_0x153e089a0;
 .timescale -9 -12;
    .port_info 0 /INPUT 8 "a";
    .port_info 1 /OUTPUT 32 "rd";
L_0x600003875dc0 .functor BUFZ 32, L_0x600002270460, C4<00000000000000000000000000000000>, C4<00000000000000000000000000000000>, C4<00000000000000000000000000000000>;
v0x600002174360_0 .net *"_ivl_0", 31 0, L_0x600002270460;  1 drivers
v0x6000021743f0_0 .net "a", 7 0, v0x600002175f80_0;  1 drivers
v0x600002174480_0 .net "rd", 31 0, L_0x600003875dc0;  alias, 1 drivers
v0x600002174510 .array "reg_name", 0 63, 31 0;
L_0x600002270460 .array/port v0x600002174510, v0x600002175f80_0;
S_0x153e069d0 .scope module, "finalRF" "RF" 3 56, 6 3 0, S_0x153e089a0;
 .timescale -9 -12;
    .port_info 0 /INPUT 1 "clk";
    .port_info 1 /INPUT 1 "we3";
    .port_info 2 /INPUT 5 "a1";
    .port_info 3 /INPUT 5 "a2";
    .port_info 4 /INPUT 5 "a3";
    .port_info 5 /INPUT 32 "wd3";
    .port_info 6 /INPUT 1 "rst";
    .port_info 7 /OUTPUT 32 "rd1";
    .port_info 8 /OUTPUT 32 "rd2";
v0x6000021745a0_0 .net *"_ivl_0", 31 0, L_0x600002270500;  1 drivers
v0x600002174630_0 .net *"_ivl_10", 6 0, L_0x6000022706e0;  1 drivers
L_0x158078178 .functor BUFT 1, C4<00>, C4<0>, C4<0>, C4<0>;
v0x6000021746c0_0 .net *"_ivl_13", 1 0, L_0x158078178;  1 drivers
L_0x1580781c0 .functor BUFT 1, C4<00000000000000000000000000000000>, C4<0>, C4<0>, C4<0>;
v0x600002174750_0 .net/2u *"_ivl_14", 31 0, L_0x1580781c0;  1 drivers
v0x6000021747e0_0 .net *"_ivl_18", 31 0, L_0x600002270820;  1 drivers
L_0x158078208 .functor BUFT 1, C4<000000000000000000000000000>, C4<0>, C4<0>, C4<0>;
v0x600002174870_0 .net *"_ivl_21", 26 0, L_0x158078208;  1 drivers
L_0x158078250 .functor BUFT 1, C4<00000000000000000000000000000000>, C4<0>, C4<0>, C4<0>;
v0x600002174900_0 .net/2u *"_ivl_22", 31 0, L_0x158078250;  1 drivers
v0x600002174990_0 .net *"_ivl_24", 0 0, L_0x6000022708c0;  1 drivers
v0x600002174a20_0 .net *"_ivl_26", 31 0, L_0x600002270960;  1 drivers
v0x600002174ab0_0 .net *"_ivl_28", 6 0, L_0x600002270a00;  1 drivers
L_0x1580780e8 .functor BUFT 1, C4<000000000000000000000000000>, C4<0>, C4<0>, C4<0>;
v0x600002174b40_0 .net *"_ivl_3", 26 0, L_0x1580780e8;  1 drivers
L_0x158078298 .functor BUFT 1, C4<00>, C4<0>, C4<0>, C4<0>;
v0x600002174bd0_0 .net *"_ivl_31", 1 0, L_0x158078298;  1 drivers
L_0x1580782e0 .functor BUFT 1, C4<00000000000000000000000000000000>, C4<0>, C4<0>, C4<0>;
v0x600002174c60_0 .net/2u *"_ivl_32", 31 0, L_0x1580782e0;  1 drivers
L_0x158078130 .functor BUFT 1, C4<00000000000000000000000000000000>, C4<0>, C4<0>, C4<0>;
v0x600002174cf0_0 .net/2u *"_ivl_4", 31 0, L_0x158078130;  1 drivers
v0x600002174d80_0 .net *"_ivl_6", 0 0, L_0x6000022705a0;  1 drivers
v0x600002174e10_0 .net *"_ivl_8", 31 0, L_0x600002270640;  1 drivers
v0x600002174ea0_0 .net "a1", 4 0, L_0x600002270b40;  1 drivers
v0x600002174f30_0 .net "a2", 4 0, L_0x600002270be0;  1 drivers
v0x600002174fc0_0 .net "a3", 4 0, L_0x600002270c80;  1 drivers
v0x600002175050_0 .net "clk", 0 0, v0x6000021765b0_0;  alias, 1 drivers
v0x6000021750e0_0 .var/i "i", 31 0;
v0x600002175170_0 .net "rd1", 31 0, L_0x600002270780;  alias, 1 drivers
v0x600002175200_0 .net "rd2", 31 0, L_0x600002270aa0;  alias, 1 drivers
v0x600002175290 .array "rf", 31 0, 31 0;
v0x600002175320_0 .net "rst", 0 0, v0x6000021766d0_0;  alias, 1 drivers
v0x6000021753b0_0 .net "wd3", 31 0, v0x600002176400_0;  1 drivers
v0x600002175440_0 .net "we3", 0 0, L_0x600003875c00;  alias, 1 drivers
E_0x600001d70ea0 .event posedge, v0x600002175050_0;
L_0x600002270500 .concat [ 5 27 0 0], L_0x600002270b40, L_0x1580780e8;
L_0x6000022705a0 .cmp/ne 32, L_0x600002270500, L_0x158078130;
L_0x600002270640 .array/port v0x600002175290, L_0x6000022706e0;
L_0x6000022706e0 .concat [ 5 2 0 0], L_0x600002270b40, L_0x158078178;
L_0x600002270780 .functor MUXZ 32, L_0x1580781c0, L_0x600002270640, L_0x6000022705a0, C4<>;
L_0x600002270820 .concat [ 5 27 0 0], L_0x600002270be0, L_0x158078208;
L_0x6000022708c0 .cmp/ne 32, L_0x600002270820, L_0x158078250;
L_0x600002270960 .array/port v0x600002175290, L_0x600002270a00;
L_0x600002270a00 .concat [ 5 2 0 0], L_0x600002270be0, L_0x158078298;
L_0x600002270aa0 .functor MUXZ 32, L_0x1580782e0, L_0x600002270960, L_0x6000022708c0, C4<>;
    .scope S_0x153e073e0;
T_0 ;
    %vpi_call 5 9 "$readmemb", "loadProgram.txt", v0x600002174510 {0 0 0};
    %end;
    .thread T_0;
    .scope S_0x153e069d0;
T_1 ;
    %wait E_0x600001d70ea0;
    %load/vec4 v0x600002175320_0;
    %flag_set/vec4 8;
    %jmp/0xz  T_1.0, 8;
    %pushi/vec4 0, 0, 32;
    %store/vec4 v0x6000021750e0_0, 0, 32;
T_1.2 ;
    %load/vec4 v0x6000021750e0_0;
    %cmpi/s 31, 0, 32;
    %jmp/0xz T_1.3, 5;
    %pushi/vec4 0, 0, 32;
    %ix/getv/s 3, v0x6000021750e0_0;
    %ix/load 4, 0, 0; Constant delay
    %assign/vec4/a/d v0x600002175290, 0, 4;
    %load/vec4 v0x6000021750e0_0;
    %addi 1, 0, 32;
    %store/vec4 v0x6000021750e0_0, 0, 32;
    %jmp T_1.2;
T_1.3 ;
    %jmp T_1.1;
T_1.0 ;
    %load/vec4 v0x600002175440_0;
    %flag_set/vec4 8;
    %jmp/0xz  T_1.4, 8;
    %load/vec4 v0x6000021753b0_0;
    %load/vec4 v0x600002174fc0_0;
    %pad/u 7;
    %ix/vec4 3;
    %ix/load 4, 0, 0; Constant delay
    %assign/vec4/a/d v0x600002175290, 0, 4;
T_1.4 ;
T_1.1 ;
    %jmp T_1;
    .thread T_1;
    .scope S_0x153e07270;
T_2 ;
    %wait E_0x600001d70f30;
    %load/vec4 v0x600002174120_0;
    %dup/vec4;
    %pushi/vec4 0, 0, 5;
    %cmp/u;
    %jmp/1 T_2.0, 6;
    %dup/vec4;
    %pushi/vec4 1, 0, 5;
    %cmp/u;
    %jmp/1 T_2.1, 6;
    %dup/vec4;
    %pushi/vec4 2, 0, 5;
    %cmp/u;
    %jmp/1 T_2.2, 6;
    %dup/vec4;
    %pushi/vec4 3, 0, 5;
    %cmp/u;
    %jmp/1 T_2.3, 6;
    %dup/vec4;
    %pushi/vec4 4, 0, 5;
    %cmp/u;
    %jmp/1 T_2.4, 6;
    %dup/vec4;
    %pushi/vec4 5, 0, 5;
    %cmp/u;
    %jmp/1 T_2.5, 6;
    %dup/vec4;
    %pushi/vec4 6, 0, 5;
    %cmp/u;
    %jmp/1 T_2.6, 6;
    %dup/vec4;
    %pushi/vec4 7, 0, 5;
    %cmp/u;
    %jmp/1 T_2.7, 6;
    %dup/vec4;
    %pushi/vec4 8, 0, 5;
    %cmp/u;
    %jmp/1 T_2.8, 6;
    %dup/vec4;
    %pushi/vec4 9, 0, 5;
    %cmp/u;
    %jmp/1 T_2.9, 6;
    %dup/vec4;
    %pushi/vec4 10, 0, 5;
    %cmp/u;
    %jmp/1 T_2.10, 6;
    %dup/vec4;
    %pushi/vec4 11, 0, 5;
    %cmp/u;
    %jmp/1 T_2.11, 6;
    %dup/vec4;
    %pushi/vec4 12, 0, 5;
    %cmp/u;
    %jmp/1 T_2.12, 6;
    %dup/vec4;
    %pushi/vec4 13, 0, 5;
    %cmp/u;
    %jmp/1 T_2.13, 6;
    %pushi/vec4 63, 63, 32;
    %store/vec4 v0x6000021742d0_0, 0, 32;
    %pushi/vec4 1, 1, 1;
    %store/vec4 v0x600002174240_0, 0, 1;
    %jmp T_2.15;
T_2.0 ;
    %load/vec4 v0x600002174090_0;
    %load/vec4 v0x6000021741b0_0;
    %add;
    %store/vec4 v0x6000021742d0_0, 0, 32;
    %pushi/vec4 0, 0, 1;
    %store/vec4 v0x600002174240_0, 0, 1;
    %jmp T_2.15;
T_2.1 ;
    %load/vec4 v0x600002174090_0;
    %load/vec4 v0x6000021741b0_0;
    %sub;
    %store/vec4 v0x6000021742d0_0, 0, 32;
    %pushi/vec4 0, 0, 1;
    %store/vec4 v0x600002174240_0, 0, 1;
    %jmp T_2.15;
T_2.2 ;
    %load/vec4 v0x600002174090_0;
    %load/vec4 v0x6000021741b0_0;
    %xor;
    %store/vec4 v0x6000021742d0_0, 0, 32;
    %pushi/vec4 0, 0, 1;
    %store/vec4 v0x600002174240_0, 0, 1;
    %jmp T_2.15;
T_2.3 ;
    %load/vec4 v0x600002174090_0;
    %load/vec4 v0x6000021741b0_0;
    %or;
    %store/vec4 v0x6000021742d0_0, 0, 32;
    %pushi/vec4 0, 0, 1;
    %store/vec4 v0x600002174240_0, 0, 1;
    %jmp T_2.15;
T_2.4 ;
    %load/vec4 v0x600002174090_0;
    %load/vec4 v0x6000021741b0_0;
    %and;
    %store/vec4 v0x6000021742d0_0, 0, 32;
    %pushi/vec4 0, 0, 1;
    %store/vec4 v0x600002174240_0, 0, 1;
    %jmp T_2.15;
T_2.5 ;
    %load/vec4 v0x600002174090_0;
    %ix/getv 4, v0x6000021741b0_0;
    %shiftr 4;
    %store/vec4 v0x6000021742d0_0, 0, 32;
    %pushi/vec4 0, 0, 1;
    %store/vec4 v0x600002174240_0, 0, 1;
    %jmp T_2.15;
T_2.6 ;
    %load/vec4 v0x600002174090_0;
    %ix/getv 4, v0x6000021741b0_0;
    %shiftr 4;
    %store/vec4 v0x6000021742d0_0, 0, 32;
    %pushi/vec4 0, 0, 1;
    %store/vec4 v0x600002174240_0, 0, 1;
    %jmp T_2.15;
T_2.7 ;
    %load/vec4 v0x600002174090_0;
    %ix/getv 4, v0x6000021741b0_0;
    %shiftl 4;
    %store/vec4 v0x6000021742d0_0, 0, 32;
    %pushi/vec4 0, 0, 1;
    %store/vec4 v0x600002174240_0, 0, 1;
    %jmp T_2.15;
T_2.8 ;
    %load/vec4 v0x600002174090_0;
    %load/vec4 v0x6000021741b0_0;
    %cmp/s;
    %flag_get/vec4 5;
    %pad/u 32;
    %store/vec4 v0x6000021742d0_0, 0, 32;
    %load/vec4 v0x600002174090_0;
    %load/vec4 v0x6000021741b0_0;
    %cmp/s;
    %flag_get/vec4 5;
    %store/vec4 v0x600002174240_0, 0, 1;
    %jmp T_2.15;
T_2.9 ;
    %load/vec4 v0x600002174090_0;
    %load/vec4 v0x6000021741b0_0;
    %cmp/u;
    %flag_get/vec4 5;
    %pad/u 32;
    %store/vec4 v0x6000021742d0_0, 0, 32;
    %load/vec4 v0x600002174090_0;
    %load/vec4 v0x6000021741b0_0;
    %cmp/u;
    %flag_get/vec4 5;
    %store/vec4 v0x600002174240_0, 0, 1;
    %jmp T_2.15;
T_2.10 ;
    %load/vec4 v0x6000021741b0_0;
    %load/vec4 v0x600002174090_0;
    %cmp/s;
    %flag_get/vec4 4;
    %flag_get/vec4 5;
    %or;
    %pad/u 32;
    %store/vec4 v0x6000021742d0_0, 0, 32;
    %load/vec4 v0x6000021741b0_0;
    %load/vec4 v0x600002174090_0;
    %cmp/s;
    %flag_get/vec4 4;
    %flag_get/vec4 5;
    %or;
    %store/vec4 v0x600002174240_0, 0, 1;
    %jmp T_2.15;
T_2.11 ;
    %load/vec4 v0x6000021741b0_0;
    %load/vec4 v0x600002174090_0;
    %cmp/u;
    %flag_get/vec4 4;
    %flag_get/vec4 5;
    %or;
    %pad/u 32;
    %store/vec4 v0x6000021742d0_0, 0, 32;
    %load/vec4 v0x6000021741b0_0;
    %load/vec4 v0x600002174090_0;
    %cmp/u;
    %flag_get/vec4 4;
    %flag_get/vec4 5;
    %or;
    %store/vec4 v0x600002174240_0, 0, 1;
    %jmp T_2.15;
T_2.12 ;
    %load/vec4 v0x600002174090_0;
    %load/vec4 v0x6000021741b0_0;
    %cmp/e;
    %flag_get/vec4 4;
    %pad/u 32;
    %store/vec4 v0x6000021742d0_0, 0, 32;
    %load/vec4 v0x600002174090_0;
    %load/vec4 v0x6000021741b0_0;
    %cmp/e;
    %flag_get/vec4 4;
    %store/vec4 v0x600002174240_0, 0, 1;
    %jmp T_2.15;
T_2.13 ;
    %load/vec4 v0x600002174090_0;
    %load/vec4 v0x6000021741b0_0;
    %cmp/ne;
    %flag_get/vec4 4;
    %pad/u 32;
    %store/vec4 v0x6000021742d0_0, 0, 32;
    %load/vec4 v0x600002174090_0;
    %load/vec4 v0x6000021741b0_0;
    %cmp/ne;
    %flag_get/vec4 4;
    %store/vec4 v0x600002174240_0, 0, 1;
    %jmp T_2.15;
T_2.15 ;
    %pop/vec4 1;
    %jmp T_2;
    .thread T_2, $push;
    .scope S_0x153e089a0;
T_3 ;
    %wait E_0x600001d71200;
    %load/vec4 v0x6000021760a0_0;
    %dup/vec4;
    %pushi/vec4 0, 0, 2;
    %cmp/u;
    %jmp/1 T_3.0, 6;
    %dup/vec4;
    %pushi/vec4 1, 0, 2;
    %cmp/u;
    %jmp/1 T_3.1, 6;
    %jmp T_3.2;
T_3.0 ;
    %pushi/vec4 1, 0, 8;
    %store/vec4 v0x600002176010_0, 0, 8;
    %jmp T_3.2;
T_3.1 ;
    %load/vec4 v0x600002175e60_0;
    %parti/s 8, 5, 4;
    %store/vec4 v0x600002176010_0, 0, 8;
    %jmp T_3.2;
T_3.2 ;
    %pop/vec4 1;
    %jmp T_3;
    .thread T_3, $push;
    .scope S_0x153e089a0;
T_4 ;
    %wait E_0x600001d70e70;
    %load/vec4 v0x600002176250_0;
    %flag_set/vec4 8;
    %jmp/0xz  T_4.0, 8;
    %pushi/vec4 0, 0, 8;
    %assign/vec4 v0x600002175f80_0, 0;
    %jmp T_4.1;
T_4.0 ;
    %load/vec4 v0x600002175f80_0;
    %load/vec4 v0x600002176010_0;
    %add;
    %assign/vec4 v0x600002175f80_0, 0;
T_4.1 ;
    %jmp T_4;
    .thread T_4;
    .scope S_0x153e089a0;
T_5 ;
    %wait E_0x600001d710b0;
    %load/vec4 v0x600002176490_0;
    %dup/vec4;
    %pushi/vec4 1, 0, 2;
    %cmp/u;
    %jmp/1 T_5.0, 6;
    %dup/vec4;
    %pushi/vec4 3, 0, 2;
    %cmp/u;
    %jmp/1 T_5.1, 6;
    %dup/vec4;
    %pushi/vec4 2, 0, 2;
    %cmp/u;
    %jmp/1 T_5.2, 6;
    %jmp T_5.3;
T_5.0 ;
    %load/vec4 v0x600002176370_0;
    %cassign/vec4 v0x600002176400_0;
    %cassign/link v0x600002176400_0, v0x600002176370_0;
    %jmp T_5.3;
T_5.1 ;
    %load/vec4 v0x600002175cb0_0;
    %cassign/vec4 v0x600002176400_0;
    %cassign/link v0x600002176400_0, v0x600002175cb0_0;
    %jmp T_5.3;
T_5.2 ;
    %load/vec4 v0x6000021762e0_0;
    %cassign/vec4 v0x600002176400_0;
    %cassign/link v0x600002176400_0, v0x6000021762e0_0;
    %jmp T_5.3;
T_5.3 ;
    %pop/vec4 1;
    %jmp T_5;
    .thread T_5, $push;
    .scope S_0x153e08830;
T_6 ;
    %pushi/vec4 13, 0, 32;
    %store/vec4 v0x600002176760_0, 0, 32;
    %pushi/vec4 1, 0, 1;
    %store/vec4 v0x6000021765b0_0, 0, 1;
    %pushi/vec4 1, 0, 1;
    %store/vec4 v0x6000021766d0_0, 0, 1;
    %end;
    .thread T_6;
    .scope S_0x153e08830;
T_7 ;
    %delay 1000, 0;
    %load/vec4 v0x6000021765b0_0;
    %nor/r;
    %store/vec4 v0x6000021765b0_0, 0, 1;
    %jmp T_7;
    .thread T_7;
    .scope S_0x153e08830;
T_8 ;
    %pushi/vec4 1, 0, 1;
    %store/vec4 v0x6000021766d0_0, 0, 1;
    %delay 10000, 0;
    %pushi/vec4 0, 0, 1;
    %store/vec4 v0x6000021766d0_0, 0, 1;
    %vpi_call 2 21 "$dumpfile", "RESULT.vcd" {0 0 0};
    %vpi_call 2 22 "$dumpvars" {0 0 0};
    %delay 4000000, 0;
    %vpi_call 2 24 "$display", "Result: ", v0x600002176640_0 {0 0 0};
    %vpi_call 2 25 "$finish" {0 0 0};
    %end;
    .thread T_8;
# The file index is used to find the file name in the following table.
:file_names 7;
    "N/A";
    "<interactive>";
    "microarchitecture_tb.v";
    "./microarchitecture.v";
    "./ALU_RISCV.v";
    "./instruction_memory.v";
    "./RF.v";
