#! /opt/homebrew/Cellar/icarus-verilog/11.0/bin/vvp
:ivl_version "11.0 (stable)";
:ivl_delay_selection "TYPICAL";
:vpi_time_precision - 12;
:vpi_module "/opt/homebrew/Cellar/icarus-verilog/11.0/lib/ivl/system.vpi";
:vpi_module "/opt/homebrew/Cellar/icarus-verilog/11.0/lib/ivl/vhdl_sys.vpi";
:vpi_module "/opt/homebrew/Cellar/icarus-verilog/11.0/lib/ivl/vhdl_textio.vpi";
:vpi_module "/opt/homebrew/Cellar/icarus-verilog/11.0/lib/ivl/v2005_math.vpi";
:vpi_module "/opt/homebrew/Cellar/icarus-verilog/11.0/lib/ivl/va_math.vpi";
S_0x143604700 .scope module, "RF" "RF" 2 3;
 .timescale -9 -12;
    .port_info 0 /INPUT 1 "clk";
    .port_info 1 /INPUT 1 "we3";
    .port_info 2 /INPUT 5 "a1";
    .port_info 3 /INPUT 5 "a2";
    .port_info 4 /INPUT 5 "a3";
    .port_info 5 /INPUT 32 "wd3";
    .port_info 6 /INPUT 1 "rst";
    .port_info 7 /OUTPUT 32 "rd1";
    .port_info 8 /OUTPUT 32 "rd2";
v0x600000110bd0_0 .net *"_ivl_0", 31 0, L_0x6000002100a0;  1 drivers
v0x600000110c60_0 .net *"_ivl_10", 6 0, L_0x600000210280;  1 drivers
L_0x1480780a0 .functor BUFT 1, C4<00>, C4<0>, C4<0>, C4<0>;
v0x600000110cf0_0 .net *"_ivl_13", 1 0, L_0x1480780a0;  1 drivers
L_0x1480780e8 .functor BUFT 1, C4<00000000000000000000000000000000>, C4<0>, C4<0>, C4<0>;
v0x600000110d80_0 .net/2u *"_ivl_14", 31 0, L_0x1480780e8;  1 drivers
v0x600000110e10_0 .net *"_ivl_18", 31 0, L_0x6000002103c0;  1 drivers
L_0x148078130 .functor BUFT 1, C4<000000000000000000000000000>, C4<0>, C4<0>, C4<0>;
v0x600000110ea0_0 .net *"_ivl_21", 26 0, L_0x148078130;  1 drivers
L_0x148078178 .functor BUFT 1, C4<00000000000000000000000000000000>, C4<0>, C4<0>, C4<0>;
v0x600000110f30_0 .net/2u *"_ivl_22", 31 0, L_0x148078178;  1 drivers
v0x600000110fc0_0 .net *"_ivl_24", 0 0, L_0x600000210460;  1 drivers
v0x600000111050_0 .net *"_ivl_26", 31 0, L_0x600000210500;  1 drivers
v0x6000001110e0_0 .net *"_ivl_28", 6 0, L_0x6000002105a0;  1 drivers
L_0x148078010 .functor BUFT 1, C4<000000000000000000000000000>, C4<0>, C4<0>, C4<0>;
v0x600000111170_0 .net *"_ivl_3", 26 0, L_0x148078010;  1 drivers
L_0x1480781c0 .functor BUFT 1, C4<00>, C4<0>, C4<0>, C4<0>;
v0x600000111200_0 .net *"_ivl_31", 1 0, L_0x1480781c0;  1 drivers
L_0x148078208 .functor BUFT 1, C4<00000000000000000000000000000000>, C4<0>, C4<0>, C4<0>;
v0x600000111290_0 .net/2u *"_ivl_32", 31 0, L_0x148078208;  1 drivers
L_0x148078058 .functor BUFT 1, C4<00000000000000000000000000000000>, C4<0>, C4<0>, C4<0>;
v0x600000111320_0 .net/2u *"_ivl_4", 31 0, L_0x148078058;  1 drivers
v0x6000001113b0_0 .net *"_ivl_6", 0 0, L_0x600000210140;  1 drivers
v0x600000111440_0 .net *"_ivl_8", 31 0, L_0x6000002101e0;  1 drivers
o0x148040310 .functor BUFZ 5, C4<zzzzz>; HiZ drive
v0x6000001114d0_0 .net "a1", 4 0, o0x148040310;  0 drivers
o0x148040340 .functor BUFZ 5, C4<zzzzz>; HiZ drive
v0x600000111560_0 .net "a2", 4 0, o0x148040340;  0 drivers
o0x148040370 .functor BUFZ 5, C4<zzzzz>; HiZ drive
v0x6000001115f0_0 .net "a3", 4 0, o0x148040370;  0 drivers
o0x1480403a0 .functor BUFZ 1, C4<z>; HiZ drive
v0x600000111680_0 .net "clk", 0 0, o0x1480403a0;  0 drivers
v0x600000111710_0 .var/i "i", 31 0;
v0x6000001117a0_0 .net "rd1", 31 0, L_0x600000210320;  1 drivers
v0x600000111830_0 .net "rd2", 31 0, L_0x600000210640;  1 drivers
v0x6000001118c0 .array "rf", 31 0, 31 0;
o0x148040460 .functor BUFZ 1, C4<z>; HiZ drive
v0x600000111950_0 .net "rst", 0 0, o0x148040460;  0 drivers
o0x148040490 .functor BUFZ 32, C4<zzzzzzzzzzzzzzzzzzzzzzzzzzzzzzzz>; HiZ drive
v0x6000001119e0_0 .net "wd3", 31 0, o0x148040490;  0 drivers
o0x1480404c0 .functor BUFZ 1, C4<z>; HiZ drive
v0x600000111a70_0 .net "we3", 0 0, o0x1480404c0;  0 drivers
E_0x600003d123a0 .event posedge, v0x600000111680_0;
L_0x6000002100a0 .concat [ 5 27 0 0], o0x148040310, L_0x148078010;
L_0x600000210140 .cmp/ne 32, L_0x6000002100a0, L_0x148078058;
L_0x6000002101e0 .array/port v0x6000001118c0, L_0x600000210280;
L_0x600000210280 .concat [ 5 2 0 0], o0x148040310, L_0x1480780a0;
L_0x600000210320 .functor MUXZ 32, L_0x1480780e8, L_0x6000002101e0, L_0x600000210140, C4<>;
L_0x6000002103c0 .concat [ 5 27 0 0], o0x148040340, L_0x148078130;
L_0x600000210460 .cmp/ne 32, L_0x6000002103c0, L_0x148078178;
L_0x600000210500 .array/port v0x6000001118c0, L_0x6000002105a0;
L_0x6000002105a0 .concat [ 5 2 0 0], o0x148040340, L_0x1480781c0;
L_0x600000210640 .functor MUXZ 32, L_0x148078208, L_0x600000210500, L_0x600000210460, C4<>;
    .scope S_0x143604700;
T_0 ;
    %wait E_0x600003d123a0;
    %load/vec4 v0x600000111950_0;
    %flag_set/vec4 8;
    %jmp/0xz  T_0.0, 8;
    %pushi/vec4 0, 0, 32;
    %store/vec4 v0x600000111710_0, 0, 32;
T_0.2 ;
    %load/vec4 v0x600000111710_0;
    %cmpi/s 31, 0, 32;
    %jmp/0xz T_0.3, 5;
    %pushi/vec4 0, 0, 32;
    %ix/getv/s 3, v0x600000111710_0;
    %ix/load 4, 0, 0; Constant delay
    %assign/vec4/a/d v0x6000001118c0, 0, 4;
    %load/vec4 v0x600000111710_0;
    %addi 1, 0, 32;
    %store/vec4 v0x600000111710_0, 0, 32;
    %jmp T_0.2;
T_0.3 ;
    %jmp T_0.1;
T_0.0 ;
    %load/vec4 v0x600000111a70_0;
    %flag_set/vec4 8;
    %jmp/0xz  T_0.4, 8;
    %load/vec4 v0x6000001119e0_0;
    %load/vec4 v0x6000001115f0_0;
    %pad/u 7;
    %ix/vec4 3;
    %ix/load 4, 0, 0; Constant delay
    %assign/vec4/a/d v0x6000001118c0, 0, 4;
T_0.4 ;
T_0.1 ;
    %jmp T_0;
    .thread T_0;
# The file index is used to find the file name in the following table.
:file_names 3;
    "N/A";
    "<interactive>";
    "RF.v";
